[2025-02-27T22:09:34.780+0000] {processor.py:186} INFO - Started process (PID=605) to work on /opt/airflow/dags/hello_world.py
[2025-02-27T22:09:34.781+0000] {processor.py:914} INFO - Processing file /opt/airflow/dags/hello_world.py for tasks to queue
[2025-02-27T22:09:34.783+0000] {logging_mixin.py:190} INFO - [2025-02-27T22:09:34.783+0000] {dagbag.py:587} INFO - Filling up the DagBag from /opt/airflow/dags/hello_world.py
[2025-02-27T22:09:34.792+0000] {processor.py:925} INFO - DAG(s) 'HelloWorld' retrieved from /opt/airflow/dags/hello_world.py
[2025-02-27T22:09:34.970+0000] {logging_mixin.py:190} INFO - [2025-02-27T22:09:34.969+0000] {override.py:1900} INFO - Created Permission View: can edit on DAG:HelloWorld
[2025-02-27T22:09:34.973+0000] {logging_mixin.py:190} INFO - [2025-02-27T22:09:34.972+0000] {override.py:1900} INFO - Created Permission View: can read on DAG:HelloWorld
[2025-02-27T22:09:34.974+0000] {logging_mixin.py:190} INFO - [2025-02-27T22:09:34.974+0000] {override.py:1900} INFO - Created Permission View: can delete on DAG:HelloWorld
[2025-02-27T22:09:34.976+0000] {logging_mixin.py:190} INFO - [2025-02-27T22:09:34.976+0000] {override.py:1900} INFO - Created Permission View: menu access on DAG Run:HelloWorld
[2025-02-27T22:09:34.978+0000] {logging_mixin.py:190} INFO - [2025-02-27T22:09:34.978+0000] {override.py:1900} INFO - Created Permission View: can read on DAG Run:HelloWorld
[2025-02-27T22:09:34.979+0000] {logging_mixin.py:190} INFO - [2025-02-27T22:09:34.979+0000] {override.py:1900} INFO - Created Permission View: can create on DAG Run:HelloWorld
[2025-02-27T22:09:34.981+0000] {logging_mixin.py:190} INFO - [2025-02-27T22:09:34.981+0000] {override.py:1900} INFO - Created Permission View: can delete on DAG Run:HelloWorld
[2025-02-27T22:09:34.981+0000] {logging_mixin.py:190} INFO - [2025-02-27T22:09:34.981+0000] {dag.py:3229} INFO - Sync 1 DAGs
[2025-02-27T22:09:34.985+0000] {logging_mixin.py:190} INFO - [2025-02-27T22:09:34.985+0000] {dag.py:3252} INFO - Creating ORM DAG for HelloWorld
[2025-02-27T22:09:34.988+0000] {logging_mixin.py:190} INFO - [2025-02-27T22:09:34.988+0000] {dag.py:4156} INFO - Setting next_dagrun for HelloWorld to 2025-02-26 02:00:00+00:00, run_after=2025-02-27 02:00:00+00:00
[2025-02-27T22:09:34.994+0000] {processor.py:208} INFO - Processing /opt/airflow/dags/hello_world.py took 0.217 seconds
[2025-02-27T22:10:05.052+0000] {processor.py:186} INFO - Started process (PID=616) to work on /opt/airflow/dags/hello_world.py
[2025-02-27T22:10:05.052+0000] {processor.py:914} INFO - Processing file /opt/airflow/dags/hello_world.py for tasks to queue
[2025-02-27T22:10:05.053+0000] {logging_mixin.py:190} INFO - [2025-02-27T22:10:05.053+0000] {dagbag.py:587} INFO - Filling up the DagBag from /opt/airflow/dags/hello_world.py
[2025-02-27T22:10:05.058+0000] {processor.py:925} INFO - DAG(s) 'HelloWorld' retrieved from /opt/airflow/dags/hello_world.py
[2025-02-27T22:10:05.069+0000] {logging_mixin.py:190} INFO - [2025-02-27T22:10:05.068+0000] {dag.py:3229} INFO - Sync 1 DAGs
[2025-02-27T22:10:05.077+0000] {logging_mixin.py:190} INFO - [2025-02-27T22:10:05.077+0000] {dag.py:4156} INFO - Setting next_dagrun for HelloWorld to 2025-02-26 02:00:00+00:00, run_after=2025-02-27 02:00:00+00:00
[2025-02-27T22:10:05.083+0000] {processor.py:208} INFO - Processing /opt/airflow/dags/hello_world.py took 0.036 seconds
[2025-02-27T22:10:35.340+0000] {processor.py:186} INFO - Started process (PID=627) to work on /opt/airflow/dags/hello_world.py
[2025-02-27T22:10:35.341+0000] {processor.py:914} INFO - Processing file /opt/airflow/dags/hello_world.py for tasks to queue
[2025-02-27T22:10:35.343+0000] {logging_mixin.py:190} INFO - [2025-02-27T22:10:35.342+0000] {dagbag.py:587} INFO - Filling up the DagBag from /opt/airflow/dags/hello_world.py
[2025-02-27T22:10:35.352+0000] {processor.py:925} INFO - DAG(s) 'HelloWorld' retrieved from /opt/airflow/dags/hello_world.py
[2025-02-27T22:10:35.366+0000] {logging_mixin.py:190} INFO - [2025-02-27T22:10:35.366+0000] {dag.py:3229} INFO - Sync 1 DAGs
[2025-02-27T22:10:35.378+0000] {logging_mixin.py:190} INFO - [2025-02-27T22:10:35.378+0000] {dag.py:4156} INFO - Setting next_dagrun for HelloWorld to 2025-02-26 02:00:00+00:00, run_after=2025-02-27 02:00:00+00:00
[2025-02-27T22:10:35.385+0000] {processor.py:208} INFO - Processing /opt/airflow/dags/hello_world.py took 0.049 seconds
[2025-02-27T22:11:05.614+0000] {processor.py:186} INFO - Started process (PID=638) to work on /opt/airflow/dags/hello_world.py
[2025-02-27T22:11:05.615+0000] {processor.py:914} INFO - Processing file /opt/airflow/dags/hello_world.py for tasks to queue
[2025-02-27T22:11:05.616+0000] {logging_mixin.py:190} INFO - [2025-02-27T22:11:05.615+0000] {dagbag.py:587} INFO - Filling up the DagBag from /opt/airflow/dags/hello_world.py
[2025-02-27T22:11:05.621+0000] {processor.py:925} INFO - DAG(s) 'HelloWorld' retrieved from /opt/airflow/dags/hello_world.py
[2025-02-27T22:11:05.632+0000] {logging_mixin.py:190} INFO - [2025-02-27T22:11:05.631+0000] {dag.py:3229} INFO - Sync 1 DAGs
[2025-02-27T22:11:05.641+0000] {logging_mixin.py:190} INFO - [2025-02-27T22:11:05.641+0000] {dag.py:4156} INFO - Setting next_dagrun for HelloWorld to 2025-02-26 02:00:00+00:00, run_after=2025-02-27 02:00:00+00:00
[2025-02-27T22:11:05.647+0000] {processor.py:208} INFO - Processing /opt/airflow/dags/hello_world.py took 0.036 seconds
[2025-02-27T22:11:54.248+0000] {processor.py:186} INFO - Started process (PID=215) to work on /opt/airflow/dags/hello_world.py
[2025-02-27T22:11:54.250+0000] {processor.py:914} INFO - Processing file /opt/airflow/dags/hello_world.py for tasks to queue
[2025-02-27T22:11:54.251+0000] {logging_mixin.py:190} INFO - [2025-02-27T22:11:54.251+0000] {dagbag.py:587} INFO - Filling up the DagBag from /opt/airflow/dags/hello_world.py
[2025-02-27T22:11:54.259+0000] {processor.py:925} INFO - DAG(s) 'HelloWorld' retrieved from /opt/airflow/dags/hello_world.py
[2025-02-27T22:11:54.280+0000] {logging_mixin.py:190} INFO - [2025-02-27T22:11:54.280+0000] {dag.py:3229} INFO - Sync 1 DAGs
[2025-02-27T22:11:54.290+0000] {logging_mixin.py:190} INFO - [2025-02-27T22:11:54.290+0000] {dag.py:4156} INFO - Setting next_dagrun for HelloWorld to 2025-02-26 02:00:00+00:00, run_after=2025-02-27 02:00:00+00:00
[2025-02-27T22:11:54.296+0000] {processor.py:208} INFO - Processing /opt/airflow/dags/hello_world.py took 0.052 seconds
[2025-02-27T22:12:24.693+0000] {processor.py:186} INFO - Started process (PID=256) to work on /opt/airflow/dags/hello_world.py
[2025-02-27T22:12:24.694+0000] {processor.py:914} INFO - Processing file /opt/airflow/dags/hello_world.py for tasks to queue
[2025-02-27T22:12:24.699+0000] {logging_mixin.py:190} INFO - [2025-02-27T22:12:24.699+0000] {dagbag.py:587} INFO - Filling up the DagBag from /opt/airflow/dags/hello_world.py
[2025-02-27T22:12:24.709+0000] {processor.py:925} INFO - DAG(s) 'HelloWorld' retrieved from /opt/airflow/dags/hello_world.py
[2025-02-27T22:12:24.723+0000] {logging_mixin.py:190} INFO - [2025-02-27T22:12:24.723+0000] {dag.py:3229} INFO - Sync 1 DAGs
[2025-02-27T22:12:24.734+0000] {logging_mixin.py:190} INFO - [2025-02-27T22:12:24.734+0000] {dag.py:4156} INFO - Setting next_dagrun for HelloWorld to 2025-02-26 02:00:00+00:00, run_after=2025-02-27 02:00:00+00:00
[2025-02-27T22:12:24.741+0000] {processor.py:208} INFO - Processing /opt/airflow/dags/hello_world.py took 0.052 seconds
[2025-02-27T22:12:55.009+0000] {processor.py:186} INFO - Started process (PID=267) to work on /opt/airflow/dags/hello_world.py
[2025-02-27T22:12:55.011+0000] {processor.py:914} INFO - Processing file /opt/airflow/dags/hello_world.py for tasks to queue
[2025-02-27T22:12:55.018+0000] {logging_mixin.py:190} INFO - [2025-02-27T22:12:55.018+0000] {dagbag.py:587} INFO - Filling up the DagBag from /opt/airflow/dags/hello_world.py
[2025-02-27T22:12:55.028+0000] {processor.py:925} INFO - DAG(s) 'HelloWorld' retrieved from /opt/airflow/dags/hello_world.py
[2025-02-27T22:12:55.047+0000] {logging_mixin.py:190} INFO - [2025-02-27T22:12:55.046+0000] {dag.py:3229} INFO - Sync 1 DAGs
[2025-02-27T22:12:55.058+0000] {logging_mixin.py:190} INFO - [2025-02-27T22:12:55.058+0000] {dag.py:4156} INFO - Setting next_dagrun for HelloWorld to 2025-02-26 02:00:00+00:00, run_after=2025-02-27 02:00:00+00:00
[2025-02-27T22:12:55.065+0000] {processor.py:208} INFO - Processing /opt/airflow/dags/hello_world.py took 0.063 seconds
[2025-02-27T22:13:25.347+0000] {processor.py:186} INFO - Started process (PID=278) to work on /opt/airflow/dags/hello_world.py
[2025-02-27T22:13:25.348+0000] {processor.py:914} INFO - Processing file /opt/airflow/dags/hello_world.py for tasks to queue
[2025-02-27T22:13:25.350+0000] {logging_mixin.py:190} INFO - [2025-02-27T22:13:25.350+0000] {dagbag.py:587} INFO - Filling up the DagBag from /opt/airflow/dags/hello_world.py
[2025-02-27T22:13:25.358+0000] {processor.py:925} INFO - DAG(s) 'HelloWorld' retrieved from /opt/airflow/dags/hello_world.py
[2025-02-27T22:13:25.376+0000] {logging_mixin.py:190} INFO - [2025-02-27T22:13:25.376+0000] {dag.py:3229} INFO - Sync 1 DAGs
[2025-02-27T22:13:25.388+0000] {logging_mixin.py:190} INFO - [2025-02-27T22:13:25.388+0000] {dag.py:4156} INFO - Setting next_dagrun for HelloWorld to 2025-02-26 02:00:00+00:00, run_after=2025-02-27 02:00:00+00:00
[2025-02-27T22:13:25.396+0000] {processor.py:208} INFO - Processing /opt/airflow/dags/hello_world.py took 0.057 seconds
[2025-02-27T22:13:55.660+0000] {processor.py:186} INFO - Started process (PID=289) to work on /opt/airflow/dags/hello_world.py
[2025-02-27T22:13:55.661+0000] {processor.py:914} INFO - Processing file /opt/airflow/dags/hello_world.py for tasks to queue
[2025-02-27T22:13:55.663+0000] {logging_mixin.py:190} INFO - [2025-02-27T22:13:55.663+0000] {dagbag.py:587} INFO - Filling up the DagBag from /opt/airflow/dags/hello_world.py
[2025-02-27T22:13:55.673+0000] {processor.py:925} INFO - DAG(s) 'HelloWorld' retrieved from /opt/airflow/dags/hello_world.py
[2025-02-27T22:13:55.690+0000] {logging_mixin.py:190} INFO - [2025-02-27T22:13:55.690+0000] {dag.py:3229} INFO - Sync 1 DAGs
[2025-02-27T22:13:55.702+0000] {logging_mixin.py:190} INFO - [2025-02-27T22:13:55.702+0000] {dag.py:4156} INFO - Setting next_dagrun for HelloWorld to 2025-02-26 02:00:00+00:00, run_after=2025-02-27 02:00:00+00:00
[2025-02-27T22:13:55.709+0000] {processor.py:208} INFO - Processing /opt/airflow/dags/hello_world.py took 0.053 seconds
[2025-02-27T22:14:26.000+0000] {processor.py:186} INFO - Started process (PID=300) to work on /opt/airflow/dags/hello_world.py
[2025-02-27T22:14:26.000+0000] {processor.py:914} INFO - Processing file /opt/airflow/dags/hello_world.py for tasks to queue
[2025-02-27T22:14:26.002+0000] {logging_mixin.py:190} INFO - [2025-02-27T22:14:26.001+0000] {dagbag.py:587} INFO - Filling up the DagBag from /opt/airflow/dags/hello_world.py
[2025-02-27T22:14:26.008+0000] {processor.py:925} INFO - DAG(s) 'HelloWorld' retrieved from /opt/airflow/dags/hello_world.py
[2025-02-27T22:14:26.023+0000] {logging_mixin.py:190} INFO - [2025-02-27T22:14:26.023+0000] {dag.py:3229} INFO - Sync 1 DAGs
[2025-02-27T22:14:26.034+0000] {logging_mixin.py:190} INFO - [2025-02-27T22:14:26.033+0000] {dag.py:4156} INFO - Setting next_dagrun for HelloWorld to 2025-02-26 02:00:00+00:00, run_after=2025-02-27 02:00:00+00:00
[2025-02-27T22:14:26.040+0000] {processor.py:208} INFO - Processing /opt/airflow/dags/hello_world.py took 0.044 seconds
[2025-02-27T22:14:56.373+0000] {processor.py:186} INFO - Started process (PID=311) to work on /opt/airflow/dags/hello_world.py
[2025-02-27T22:14:56.374+0000] {processor.py:914} INFO - Processing file /opt/airflow/dags/hello_world.py for tasks to queue
[2025-02-27T22:14:56.376+0000] {logging_mixin.py:190} INFO - [2025-02-27T22:14:56.375+0000] {dagbag.py:587} INFO - Filling up the DagBag from /opt/airflow/dags/hello_world.py
[2025-02-27T22:14:56.385+0000] {processor.py:925} INFO - DAG(s) 'HelloWorld' retrieved from /opt/airflow/dags/hello_world.py
[2025-02-27T22:14:56.402+0000] {logging_mixin.py:190} INFO - [2025-02-27T22:14:56.402+0000] {dag.py:3229} INFO - Sync 1 DAGs
[2025-02-27T22:14:56.412+0000] {logging_mixin.py:190} INFO - [2025-02-27T22:14:56.412+0000] {dag.py:4156} INFO - Setting next_dagrun for HelloWorld to 2025-02-26 02:00:00+00:00, run_after=2025-02-27 02:00:00+00:00
[2025-02-27T22:14:56.419+0000] {processor.py:208} INFO - Processing /opt/airflow/dags/hello_world.py took 0.052 seconds
[2025-02-27T22:15:26.701+0000] {processor.py:186} INFO - Started process (PID=322) to work on /opt/airflow/dags/hello_world.py
[2025-02-27T22:15:26.702+0000] {processor.py:914} INFO - Processing file /opt/airflow/dags/hello_world.py for tasks to queue
[2025-02-27T22:15:26.704+0000] {logging_mixin.py:190} INFO - [2025-02-27T22:15:26.703+0000] {dagbag.py:587} INFO - Filling up the DagBag from /opt/airflow/dags/hello_world.py
[2025-02-27T22:15:26.711+0000] {processor.py:925} INFO - DAG(s) 'HelloWorld' retrieved from /opt/airflow/dags/hello_world.py
[2025-02-27T22:15:26.727+0000] {logging_mixin.py:190} INFO - [2025-02-27T22:15:26.727+0000] {dag.py:3229} INFO - Sync 1 DAGs
[2025-02-27T22:15:26.737+0000] {logging_mixin.py:190} INFO - [2025-02-27T22:15:26.737+0000] {dag.py:4156} INFO - Setting next_dagrun for HelloWorld to 2025-02-26 02:00:00+00:00, run_after=2025-02-27 02:00:00+00:00
[2025-02-27T22:15:26.744+0000] {processor.py:208} INFO - Processing /opt/airflow/dags/hello_world.py took 0.048 seconds
[2025-02-27T22:15:57.032+0000] {processor.py:186} INFO - Started process (PID=333) to work on /opt/airflow/dags/hello_world.py
[2025-02-27T22:15:57.032+0000] {processor.py:914} INFO - Processing file /opt/airflow/dags/hello_world.py for tasks to queue
[2025-02-27T22:15:57.034+0000] {logging_mixin.py:190} INFO - [2025-02-27T22:15:57.034+0000] {dagbag.py:587} INFO - Filling up the DagBag from /opt/airflow/dags/hello_world.py
[2025-02-27T22:15:57.041+0000] {processor.py:925} INFO - DAG(s) 'HelloWorld' retrieved from /opt/airflow/dags/hello_world.py
[2025-02-27T22:15:57.056+0000] {logging_mixin.py:190} INFO - [2025-02-27T22:15:57.056+0000] {dag.py:3229} INFO - Sync 1 DAGs
[2025-02-27T22:15:57.067+0000] {logging_mixin.py:190} INFO - [2025-02-27T22:15:57.067+0000] {dag.py:4156} INFO - Setting next_dagrun for HelloWorld to 2025-02-26 02:00:00+00:00, run_after=2025-02-27 02:00:00+00:00
[2025-02-27T22:15:57.073+0000] {processor.py:208} INFO - Processing /opt/airflow/dags/hello_world.py took 0.046 seconds
[2025-02-27T22:16:27.359+0000] {processor.py:186} INFO - Started process (PID=344) to work on /opt/airflow/dags/hello_world.py
[2025-02-27T22:16:27.359+0000] {processor.py:914} INFO - Processing file /opt/airflow/dags/hello_world.py for tasks to queue
[2025-02-27T22:16:27.361+0000] {logging_mixin.py:190} INFO - [2025-02-27T22:16:27.361+0000] {dagbag.py:587} INFO - Filling up the DagBag from /opt/airflow/dags/hello_world.py
[2025-02-27T22:16:27.368+0000] {processor.py:925} INFO - DAG(s) 'HelloWorld' retrieved from /opt/airflow/dags/hello_world.py
[2025-02-27T22:16:27.381+0000] {logging_mixin.py:190} INFO - [2025-02-27T22:16:27.381+0000] {dag.py:3229} INFO - Sync 1 DAGs
[2025-02-27T22:16:27.391+0000] {logging_mixin.py:190} INFO - [2025-02-27T22:16:27.391+0000] {dag.py:4156} INFO - Setting next_dagrun for HelloWorld to 2025-02-26 02:00:00+00:00, run_after=2025-02-27 02:00:00+00:00
[2025-02-27T22:16:27.398+0000] {processor.py:208} INFO - Processing /opt/airflow/dags/hello_world.py took 0.046 seconds
[2025-02-27T22:16:57.675+0000] {processor.py:186} INFO - Started process (PID=355) to work on /opt/airflow/dags/hello_world.py
[2025-02-27T22:16:57.675+0000] {processor.py:914} INFO - Processing file /opt/airflow/dags/hello_world.py for tasks to queue
[2025-02-27T22:16:57.677+0000] {logging_mixin.py:190} INFO - [2025-02-27T22:16:57.677+0000] {dagbag.py:587} INFO - Filling up the DagBag from /opt/airflow/dags/hello_world.py
[2025-02-27T22:16:57.683+0000] {processor.py:925} INFO - DAG(s) 'HelloWorld' retrieved from /opt/airflow/dags/hello_world.py
[2025-02-27T22:16:57.698+0000] {logging_mixin.py:190} INFO - [2025-02-27T22:16:57.698+0000] {dag.py:3229} INFO - Sync 1 DAGs
[2025-02-27T22:16:57.709+0000] {logging_mixin.py:190} INFO - [2025-02-27T22:16:57.708+0000] {dag.py:4156} INFO - Setting next_dagrun for HelloWorld to 2025-02-26 02:00:00+00:00, run_after=2025-02-27 02:00:00+00:00
[2025-02-27T22:16:57.719+0000] {processor.py:208} INFO - Processing /opt/airflow/dags/hello_world.py took 0.048 seconds
[2025-02-27T22:17:27.968+0000] {processor.py:186} INFO - Started process (PID=366) to work on /opt/airflow/dags/hello_world.py
[2025-02-27T22:17:27.968+0000] {processor.py:914} INFO - Processing file /opt/airflow/dags/hello_world.py for tasks to queue
[2025-02-27T22:17:27.972+0000] {logging_mixin.py:190} INFO - [2025-02-27T22:17:27.972+0000] {dagbag.py:587} INFO - Filling up the DagBag from /opt/airflow/dags/hello_world.py
[2025-02-27T22:17:27.982+0000] {processor.py:925} INFO - DAG(s) 'HelloWorld' retrieved from /opt/airflow/dags/hello_world.py
[2025-02-27T22:17:28.000+0000] {logging_mixin.py:190} INFO - [2025-02-27T22:17:28.000+0000] {dag.py:3229} INFO - Sync 1 DAGs
[2025-02-27T22:17:28.013+0000] {logging_mixin.py:190} INFO - [2025-02-27T22:17:28.013+0000] {dag.py:4156} INFO - Setting next_dagrun for HelloWorld to 2025-02-26 02:00:00+00:00, run_after=2025-02-27 02:00:00+00:00
[2025-02-27T22:17:28.020+0000] {processor.py:208} INFO - Processing /opt/airflow/dags/hello_world.py took 0.064 seconds
[2025-02-27T22:17:58.329+0000] {processor.py:186} INFO - Started process (PID=377) to work on /opt/airflow/dags/hello_world.py
[2025-02-27T22:17:58.330+0000] {processor.py:914} INFO - Processing file /opt/airflow/dags/hello_world.py for tasks to queue
[2025-02-27T22:17:58.332+0000] {logging_mixin.py:190} INFO - [2025-02-27T22:17:58.331+0000] {dagbag.py:587} INFO - Filling up the DagBag from /opt/airflow/dags/hello_world.py
[2025-02-27T22:17:58.339+0000] {processor.py:925} INFO - DAG(s) 'HelloWorld' retrieved from /opt/airflow/dags/hello_world.py
[2025-02-27T22:17:58.356+0000] {logging_mixin.py:190} INFO - [2025-02-27T22:17:58.356+0000] {dag.py:3229} INFO - Sync 1 DAGs
[2025-02-27T22:17:58.367+0000] {logging_mixin.py:190} INFO - [2025-02-27T22:17:58.366+0000] {dag.py:4156} INFO - Setting next_dagrun for HelloWorld to 2025-02-26 02:00:00+00:00, run_after=2025-02-27 02:00:00+00:00
[2025-02-27T22:17:58.374+0000] {processor.py:208} INFO - Processing /opt/airflow/dags/hello_world.py took 0.050 seconds
[2025-02-27T22:18:28.688+0000] {processor.py:186} INFO - Started process (PID=388) to work on /opt/airflow/dags/hello_world.py
[2025-02-27T22:18:28.689+0000] {processor.py:914} INFO - Processing file /opt/airflow/dags/hello_world.py for tasks to queue
[2025-02-27T22:18:28.691+0000] {logging_mixin.py:190} INFO - [2025-02-27T22:18:28.690+0000] {dagbag.py:587} INFO - Filling up the DagBag from /opt/airflow/dags/hello_world.py
[2025-02-27T22:18:28.699+0000] {processor.py:925} INFO - DAG(s) 'HelloWorld' retrieved from /opt/airflow/dags/hello_world.py
[2025-02-27T22:18:28.720+0000] {logging_mixin.py:190} INFO - [2025-02-27T22:18:28.720+0000] {dag.py:3229} INFO - Sync 1 DAGs
[2025-02-27T22:18:28.731+0000] {logging_mixin.py:190} INFO - [2025-02-27T22:18:28.731+0000] {dag.py:4156} INFO - Setting next_dagrun for HelloWorld to 2025-02-26 02:00:00+00:00, run_after=2025-02-27 02:00:00+00:00
[2025-02-27T22:18:28.738+0000] {processor.py:208} INFO - Processing /opt/airflow/dags/hello_world.py took 0.055 seconds
[2025-02-27T22:18:59.030+0000] {processor.py:186} INFO - Started process (PID=399) to work on /opt/airflow/dags/hello_world.py
[2025-02-27T22:18:59.031+0000] {processor.py:914} INFO - Processing file /opt/airflow/dags/hello_world.py for tasks to queue
[2025-02-27T22:18:59.032+0000] {logging_mixin.py:190} INFO - [2025-02-27T22:18:59.032+0000] {dagbag.py:587} INFO - Filling up the DagBag from /opt/airflow/dags/hello_world.py
[2025-02-27T22:18:59.040+0000] {processor.py:925} INFO - DAG(s) 'HelloWorld' retrieved from /opt/airflow/dags/hello_world.py
[2025-02-27T22:18:59.059+0000] {logging_mixin.py:190} INFO - [2025-02-27T22:18:59.059+0000] {dag.py:3229} INFO - Sync 1 DAGs
[2025-02-27T22:18:59.070+0000] {logging_mixin.py:190} INFO - [2025-02-27T22:18:59.070+0000] {dag.py:4156} INFO - Setting next_dagrun for HelloWorld to 2025-02-26 02:00:00+00:00, run_after=2025-02-27 02:00:00+00:00
[2025-02-27T22:18:59.078+0000] {processor.py:208} INFO - Processing /opt/airflow/dags/hello_world.py took 0.053 seconds
[2025-02-27T22:19:29.390+0000] {processor.py:186} INFO - Started process (PID=410) to work on /opt/airflow/dags/hello_world.py
[2025-02-27T22:19:29.391+0000] {processor.py:914} INFO - Processing file /opt/airflow/dags/hello_world.py for tasks to queue
[2025-02-27T22:19:29.393+0000] {logging_mixin.py:190} INFO - [2025-02-27T22:19:29.392+0000] {dagbag.py:587} INFO - Filling up the DagBag from /opt/airflow/dags/hello_world.py
[2025-02-27T22:19:29.401+0000] {processor.py:925} INFO - DAG(s) 'HelloWorld' retrieved from /opt/airflow/dags/hello_world.py
[2025-02-27T22:19:29.416+0000] {logging_mixin.py:190} INFO - [2025-02-27T22:19:29.416+0000] {dag.py:3229} INFO - Sync 1 DAGs
[2025-02-27T22:19:29.427+0000] {logging_mixin.py:190} INFO - [2025-02-27T22:19:29.427+0000] {dag.py:4156} INFO - Setting next_dagrun for HelloWorld to 2025-02-26 02:00:00+00:00, run_after=2025-02-27 02:00:00+00:00
[2025-02-27T22:19:29.433+0000] {processor.py:208} INFO - Processing /opt/airflow/dags/hello_world.py took 0.048 seconds
[2025-02-27T22:19:59.786+0000] {processor.py:186} INFO - Started process (PID=421) to work on /opt/airflow/dags/hello_world.py
[2025-02-27T22:19:59.787+0000] {processor.py:914} INFO - Processing file /opt/airflow/dags/hello_world.py for tasks to queue
[2025-02-27T22:19:59.788+0000] {logging_mixin.py:190} INFO - [2025-02-27T22:19:59.788+0000] {dagbag.py:587} INFO - Filling up the DagBag from /opt/airflow/dags/hello_world.py
[2025-02-27T22:19:59.797+0000] {processor.py:925} INFO - DAG(s) 'HelloWorld' retrieved from /opt/airflow/dags/hello_world.py
[2025-02-27T22:19:59.814+0000] {logging_mixin.py:190} INFO - [2025-02-27T22:19:59.814+0000] {dag.py:3229} INFO - Sync 1 DAGs
[2025-02-27T22:19:59.826+0000] {logging_mixin.py:190} INFO - [2025-02-27T22:19:59.826+0000] {dag.py:4156} INFO - Setting next_dagrun for HelloWorld to 2025-02-26 02:00:00+00:00, run_after=2025-02-27 02:00:00+00:00
[2025-02-27T22:19:59.832+0000] {processor.py:208} INFO - Processing /opt/airflow/dags/hello_world.py took 0.052 seconds
[2025-02-27T22:20:30.147+0000] {processor.py:186} INFO - Started process (PID=432) to work on /opt/airflow/dags/hello_world.py
[2025-02-27T22:20:30.148+0000] {processor.py:914} INFO - Processing file /opt/airflow/dags/hello_world.py for tasks to queue
[2025-02-27T22:20:30.150+0000] {logging_mixin.py:190} INFO - [2025-02-27T22:20:30.149+0000] {dagbag.py:587} INFO - Filling up the DagBag from /opt/airflow/dags/hello_world.py
[2025-02-27T22:20:30.157+0000] {processor.py:925} INFO - DAG(s) 'HelloWorld' retrieved from /opt/airflow/dags/hello_world.py
[2025-02-27T22:20:30.172+0000] {logging_mixin.py:190} INFO - [2025-02-27T22:20:30.172+0000] {dag.py:3229} INFO - Sync 1 DAGs
[2025-02-27T22:20:30.182+0000] {logging_mixin.py:190} INFO - [2025-02-27T22:20:30.182+0000] {dag.py:4156} INFO - Setting next_dagrun for HelloWorld to 2025-02-26 02:00:00+00:00, run_after=2025-02-27 02:00:00+00:00
[2025-02-27T22:20:30.189+0000] {processor.py:208} INFO - Processing /opt/airflow/dags/hello_world.py took 0.048 seconds
[2025-02-27T22:21:00.500+0000] {processor.py:186} INFO - Started process (PID=443) to work on /opt/airflow/dags/hello_world.py
[2025-02-27T22:21:00.500+0000] {processor.py:914} INFO - Processing file /opt/airflow/dags/hello_world.py for tasks to queue
[2025-02-27T22:21:00.501+0000] {logging_mixin.py:190} INFO - [2025-02-27T22:21:00.501+0000] {dagbag.py:587} INFO - Filling up the DagBag from /opt/airflow/dags/hello_world.py
[2025-02-27T22:21:00.506+0000] {processor.py:925} INFO - DAG(s) 'HelloWorld' retrieved from /opt/airflow/dags/hello_world.py
[2025-02-27T22:21:00.518+0000] {logging_mixin.py:190} INFO - [2025-02-27T22:21:00.517+0000] {dag.py:3229} INFO - Sync 1 DAGs
[2025-02-27T22:21:00.527+0000] {logging_mixin.py:190} INFO - [2025-02-27T22:21:00.527+0000] {dag.py:4156} INFO - Setting next_dagrun for HelloWorld to 2025-02-26 02:00:00+00:00, run_after=2025-02-27 02:00:00+00:00
[2025-02-27T22:21:00.533+0000] {processor.py:208} INFO - Processing /opt/airflow/dags/hello_world.py took 0.037 seconds
[2025-02-27T22:21:30.851+0000] {processor.py:186} INFO - Started process (PID=454) to work on /opt/airflow/dags/hello_world.py
[2025-02-27T22:21:30.852+0000] {processor.py:914} INFO - Processing file /opt/airflow/dags/hello_world.py for tasks to queue
[2025-02-27T22:21:30.854+0000] {logging_mixin.py:190} INFO - [2025-02-27T22:21:30.854+0000] {dagbag.py:587} INFO - Filling up the DagBag from /opt/airflow/dags/hello_world.py
[2025-02-27T22:21:30.862+0000] {processor.py:925} INFO - DAG(s) 'HelloWorld' retrieved from /opt/airflow/dags/hello_world.py
[2025-02-27T22:21:30.880+0000] {logging_mixin.py:190} INFO - [2025-02-27T22:21:30.880+0000] {dag.py:3229} INFO - Sync 1 DAGs
[2025-02-27T22:21:30.892+0000] {logging_mixin.py:190} INFO - [2025-02-27T22:21:30.892+0000] {dag.py:4156} INFO - Setting next_dagrun for HelloWorld to 2025-02-26 02:00:00+00:00, run_after=2025-02-27 02:00:00+00:00
[2025-02-27T22:21:30.899+0000] {processor.py:208} INFO - Processing /opt/airflow/dags/hello_world.py took 0.053 seconds
[2025-02-27T22:22:01.239+0000] {processor.py:186} INFO - Started process (PID=465) to work on /opt/airflow/dags/hello_world.py
[2025-02-27T22:22:01.240+0000] {processor.py:914} INFO - Processing file /opt/airflow/dags/hello_world.py for tasks to queue
[2025-02-27T22:22:01.241+0000] {logging_mixin.py:190} INFO - [2025-02-27T22:22:01.241+0000] {dagbag.py:587} INFO - Filling up the DagBag from /opt/airflow/dags/hello_world.py
[2025-02-27T22:22:01.249+0000] {processor.py:925} INFO - DAG(s) 'HelloWorld' retrieved from /opt/airflow/dags/hello_world.py
[2025-02-27T22:22:01.265+0000] {logging_mixin.py:190} INFO - [2025-02-27T22:22:01.265+0000] {dag.py:3229} INFO - Sync 1 DAGs
[2025-02-27T22:22:01.275+0000] {logging_mixin.py:190} INFO - [2025-02-27T22:22:01.275+0000] {dag.py:4156} INFO - Setting next_dagrun for HelloWorld to 2025-02-26 02:00:00+00:00, run_after=2025-02-27 02:00:00+00:00
[2025-02-27T22:22:01.283+0000] {processor.py:208} INFO - Processing /opt/airflow/dags/hello_world.py took 0.048 seconds
[2025-02-27T22:22:31.584+0000] {processor.py:186} INFO - Started process (PID=476) to work on /opt/airflow/dags/hello_world.py
[2025-02-27T22:22:31.585+0000] {processor.py:914} INFO - Processing file /opt/airflow/dags/hello_world.py for tasks to queue
[2025-02-27T22:22:31.587+0000] {logging_mixin.py:190} INFO - [2025-02-27T22:22:31.586+0000] {dagbag.py:587} INFO - Filling up the DagBag from /opt/airflow/dags/hello_world.py
[2025-02-27T22:22:31.594+0000] {processor.py:925} INFO - DAG(s) 'HelloWorld' retrieved from /opt/airflow/dags/hello_world.py
[2025-02-27T22:22:31.610+0000] {logging_mixin.py:190} INFO - [2025-02-27T22:22:31.610+0000] {dag.py:3229} INFO - Sync 1 DAGs
[2025-02-27T22:22:31.622+0000] {logging_mixin.py:190} INFO - [2025-02-27T22:22:31.621+0000] {dag.py:4156} INFO - Setting next_dagrun for HelloWorld to 2025-02-26 02:00:00+00:00, run_after=2025-02-27 02:00:00+00:00
[2025-02-27T22:22:31.628+0000] {processor.py:208} INFO - Processing /opt/airflow/dags/hello_world.py took 0.048 seconds
[2025-02-27T22:23:01.921+0000] {processor.py:186} INFO - Started process (PID=487) to work on /opt/airflow/dags/hello_world.py
[2025-02-27T22:23:01.922+0000] {processor.py:914} INFO - Processing file /opt/airflow/dags/hello_world.py for tasks to queue
[2025-02-27T22:23:01.925+0000] {logging_mixin.py:190} INFO - [2025-02-27T22:23:01.924+0000] {dagbag.py:587} INFO - Filling up the DagBag from /opt/airflow/dags/hello_world.py
[2025-02-27T22:23:01.936+0000] {processor.py:925} INFO - DAG(s) 'HelloWorld' retrieved from /opt/airflow/dags/hello_world.py
[2025-02-27T22:23:01.956+0000] {logging_mixin.py:190} INFO - [2025-02-27T22:23:01.955+0000] {dag.py:3229} INFO - Sync 1 DAGs
[2025-02-27T22:23:01.968+0000] {logging_mixin.py:190} INFO - [2025-02-27T22:23:01.968+0000] {dag.py:4156} INFO - Setting next_dagrun for HelloWorld to 2025-02-26 02:00:00+00:00, run_after=2025-02-27 02:00:00+00:00
[2025-02-27T22:23:01.975+0000] {processor.py:208} INFO - Processing /opt/airflow/dags/hello_world.py took 0.060 seconds
[2025-02-27T22:23:32.264+0000] {processor.py:186} INFO - Started process (PID=498) to work on /opt/airflow/dags/hello_world.py
[2025-02-27T22:23:32.265+0000] {processor.py:914} INFO - Processing file /opt/airflow/dags/hello_world.py for tasks to queue
[2025-02-27T22:23:32.266+0000] {logging_mixin.py:190} INFO - [2025-02-27T22:23:32.266+0000] {dagbag.py:587} INFO - Filling up the DagBag from /opt/airflow/dags/hello_world.py
[2025-02-27T22:23:32.274+0000] {processor.py:925} INFO - DAG(s) 'HelloWorld' retrieved from /opt/airflow/dags/hello_world.py
[2025-02-27T22:23:32.292+0000] {logging_mixin.py:190} INFO - [2025-02-27T22:23:32.292+0000] {dag.py:3229} INFO - Sync 1 DAGs
[2025-02-27T22:23:32.303+0000] {logging_mixin.py:190} INFO - [2025-02-27T22:23:32.303+0000] {dag.py:4156} INFO - Setting next_dagrun for HelloWorld to 2025-02-26 02:00:00+00:00, run_after=2025-02-27 02:00:00+00:00
[2025-02-27T22:23:32.310+0000] {processor.py:208} INFO - Processing /opt/airflow/dags/hello_world.py took 0.052 seconds
[2025-02-27T22:24:02.621+0000] {processor.py:186} INFO - Started process (PID=509) to work on /opt/airflow/dags/hello_world.py
[2025-02-27T22:24:02.621+0000] {processor.py:914} INFO - Processing file /opt/airflow/dags/hello_world.py for tasks to queue
[2025-02-27T22:24:02.623+0000] {logging_mixin.py:190} INFO - [2025-02-27T22:24:02.623+0000] {dagbag.py:587} INFO - Filling up the DagBag from /opt/airflow/dags/hello_world.py
[2025-02-27T22:24:02.630+0000] {processor.py:925} INFO - DAG(s) 'HelloWorld' retrieved from /opt/airflow/dags/hello_world.py
[2025-02-27T22:24:02.647+0000] {logging_mixin.py:190} INFO - [2025-02-27T22:24:02.647+0000] {dag.py:3229} INFO - Sync 1 DAGs
[2025-02-27T22:24:02.657+0000] {logging_mixin.py:190} INFO - [2025-02-27T22:24:02.657+0000] {dag.py:4156} INFO - Setting next_dagrun for HelloWorld to 2025-02-26 02:00:00+00:00, run_after=2025-02-27 02:00:00+00:00
[2025-02-27T22:24:02.665+0000] {processor.py:208} INFO - Processing /opt/airflow/dags/hello_world.py took 0.049 seconds
[2025-02-27T22:24:32.978+0000] {processor.py:186} INFO - Started process (PID=520) to work on /opt/airflow/dags/hello_world.py
[2025-02-27T22:24:32.979+0000] {processor.py:914} INFO - Processing file /opt/airflow/dags/hello_world.py for tasks to queue
[2025-02-27T22:24:32.980+0000] {logging_mixin.py:190} INFO - [2025-02-27T22:24:32.980+0000] {dagbag.py:587} INFO - Filling up the DagBag from /opt/airflow/dags/hello_world.py
[2025-02-27T22:24:32.987+0000] {processor.py:925} INFO - DAG(s) 'HelloWorld' retrieved from /opt/airflow/dags/hello_world.py
[2025-02-27T22:24:33.001+0000] {logging_mixin.py:190} INFO - [2025-02-27T22:24:33.001+0000] {dag.py:3229} INFO - Sync 1 DAGs
[2025-02-27T22:24:33.012+0000] {logging_mixin.py:190} INFO - [2025-02-27T22:24:33.012+0000] {dag.py:4156} INFO - Setting next_dagrun for HelloWorld to 2025-02-26 02:00:00+00:00, run_after=2025-02-27 02:00:00+00:00
[2025-02-27T22:24:33.019+0000] {processor.py:208} INFO - Processing /opt/airflow/dags/hello_world.py took 0.046 seconds
[2025-02-27T22:25:03.328+0000] {processor.py:186} INFO - Started process (PID=531) to work on /opt/airflow/dags/hello_world.py
[2025-02-27T22:25:03.328+0000] {processor.py:914} INFO - Processing file /opt/airflow/dags/hello_world.py for tasks to queue
[2025-02-27T22:25:03.331+0000] {logging_mixin.py:190} INFO - [2025-02-27T22:25:03.330+0000] {dagbag.py:587} INFO - Filling up the DagBag from /opt/airflow/dags/hello_world.py
[2025-02-27T22:25:03.338+0000] {processor.py:925} INFO - DAG(s) 'HelloWorld' retrieved from /opt/airflow/dags/hello_world.py
[2025-02-27T22:25:03.354+0000] {logging_mixin.py:190} INFO - [2025-02-27T22:25:03.354+0000] {dag.py:3229} INFO - Sync 1 DAGs
[2025-02-27T22:25:03.364+0000] {logging_mixin.py:190} INFO - [2025-02-27T22:25:03.364+0000] {dag.py:4156} INFO - Setting next_dagrun for HelloWorld to 2025-02-26 02:00:00+00:00, run_after=2025-02-27 02:00:00+00:00
[2025-02-27T22:25:03.371+0000] {processor.py:208} INFO - Processing /opt/airflow/dags/hello_world.py took 0.048 seconds
[2025-02-27T22:25:33.704+0000] {processor.py:186} INFO - Started process (PID=542) to work on /opt/airflow/dags/hello_world.py
[2025-02-27T22:25:33.705+0000] {processor.py:914} INFO - Processing file /opt/airflow/dags/hello_world.py for tasks to queue
[2025-02-27T22:25:33.707+0000] {logging_mixin.py:190} INFO - [2025-02-27T22:25:33.707+0000] {dagbag.py:587} INFO - Filling up the DagBag from /opt/airflow/dags/hello_world.py
[2025-02-27T22:25:33.715+0000] {processor.py:925} INFO - DAG(s) 'HelloWorld' retrieved from /opt/airflow/dags/hello_world.py
[2025-02-27T22:25:33.732+0000] {logging_mixin.py:190} INFO - [2025-02-27T22:25:33.732+0000] {dag.py:3229} INFO - Sync 1 DAGs
[2025-02-27T22:25:33.744+0000] {logging_mixin.py:190} INFO - [2025-02-27T22:25:33.744+0000] {dag.py:4156} INFO - Setting next_dagrun for HelloWorld to 2025-02-26 02:00:00+00:00, run_after=2025-02-27 02:00:00+00:00
[2025-02-27T22:25:33.751+0000] {processor.py:208} INFO - Processing /opt/airflow/dags/hello_world.py took 0.052 seconds
[2025-02-27T22:26:04.037+0000] {processor.py:186} INFO - Started process (PID=553) to work on /opt/airflow/dags/hello_world.py
[2025-02-27T22:26:04.038+0000] {processor.py:914} INFO - Processing file /opt/airflow/dags/hello_world.py for tasks to queue
[2025-02-27T22:26:04.039+0000] {logging_mixin.py:190} INFO - [2025-02-27T22:26:04.039+0000] {dagbag.py:587} INFO - Filling up the DagBag from /opt/airflow/dags/hello_world.py
[2025-02-27T22:26:04.047+0000] {processor.py:925} INFO - DAG(s) 'HelloWorld' retrieved from /opt/airflow/dags/hello_world.py
[2025-02-27T22:26:04.064+0000] {logging_mixin.py:190} INFO - [2025-02-27T22:26:04.063+0000] {dag.py:3229} INFO - Sync 1 DAGs
[2025-02-27T22:26:04.073+0000] {logging_mixin.py:190} INFO - [2025-02-27T22:26:04.073+0000] {dag.py:4156} INFO - Setting next_dagrun for HelloWorld to 2025-02-26 02:00:00+00:00, run_after=2025-02-27 02:00:00+00:00
[2025-02-27T22:26:04.080+0000] {processor.py:208} INFO - Processing /opt/airflow/dags/hello_world.py took 0.049 seconds
[2025-02-27T22:26:34.400+0000] {processor.py:186} INFO - Started process (PID=564) to work on /opt/airflow/dags/hello_world.py
[2025-02-27T22:26:34.400+0000] {processor.py:914} INFO - Processing file /opt/airflow/dags/hello_world.py for tasks to queue
[2025-02-27T22:26:34.402+0000] {logging_mixin.py:190} INFO - [2025-02-27T22:26:34.402+0000] {dagbag.py:587} INFO - Filling up the DagBag from /opt/airflow/dags/hello_world.py
[2025-02-27T22:26:34.410+0000] {processor.py:925} INFO - DAG(s) 'HelloWorld' retrieved from /opt/airflow/dags/hello_world.py
[2025-02-27T22:26:34.425+0000] {logging_mixin.py:190} INFO - [2025-02-27T22:26:34.425+0000] {dag.py:3229} INFO - Sync 1 DAGs
[2025-02-27T22:26:34.435+0000] {logging_mixin.py:190} INFO - [2025-02-27T22:26:34.435+0000] {dag.py:4156} INFO - Setting next_dagrun for HelloWorld to 2025-02-26 02:00:00+00:00, run_after=2025-02-27 02:00:00+00:00
[2025-02-27T22:26:34.442+0000] {processor.py:208} INFO - Processing /opt/airflow/dags/hello_world.py took 0.047 seconds
[2025-02-27T22:27:04.750+0000] {processor.py:186} INFO - Started process (PID=575) to work on /opt/airflow/dags/hello_world.py
[2025-02-27T22:27:04.751+0000] {processor.py:914} INFO - Processing file /opt/airflow/dags/hello_world.py for tasks to queue
[2025-02-27T22:27:04.753+0000] {logging_mixin.py:190} INFO - [2025-02-27T22:27:04.753+0000] {dagbag.py:587} INFO - Filling up the DagBag from /opt/airflow/dags/hello_world.py
[2025-02-27T22:27:04.760+0000] {processor.py:925} INFO - DAG(s) 'HelloWorld' retrieved from /opt/airflow/dags/hello_world.py
[2025-02-27T22:27:04.776+0000] {logging_mixin.py:190} INFO - [2025-02-27T22:27:04.776+0000] {dag.py:3229} INFO - Sync 1 DAGs
[2025-02-27T22:27:04.786+0000] {logging_mixin.py:190} INFO - [2025-02-27T22:27:04.786+0000] {dag.py:4156} INFO - Setting next_dagrun for HelloWorld to 2025-02-26 02:00:00+00:00, run_after=2025-02-27 02:00:00+00:00
[2025-02-27T22:27:04.793+0000] {processor.py:208} INFO - Processing /opt/airflow/dags/hello_world.py took 0.047 seconds
[2025-02-27T22:27:35.149+0000] {processor.py:186} INFO - Started process (PID=586) to work on /opt/airflow/dags/hello_world.py
[2025-02-27T22:27:35.150+0000] {processor.py:914} INFO - Processing file /opt/airflow/dags/hello_world.py for tasks to queue
[2025-02-27T22:27:35.152+0000] {logging_mixin.py:190} INFO - [2025-02-27T22:27:35.151+0000] {dagbag.py:587} INFO - Filling up the DagBag from /opt/airflow/dags/hello_world.py
[2025-02-27T22:27:35.161+0000] {processor.py:925} INFO - DAG(s) 'HelloWorld' retrieved from /opt/airflow/dags/hello_world.py
[2025-02-27T22:27:35.178+0000] {logging_mixin.py:190} INFO - [2025-02-27T22:27:35.178+0000] {dag.py:3229} INFO - Sync 1 DAGs
[2025-02-27T22:27:35.189+0000] {logging_mixin.py:190} INFO - [2025-02-27T22:27:35.189+0000] {dag.py:4156} INFO - Setting next_dagrun for HelloWorld to 2025-02-26 02:00:00+00:00, run_after=2025-02-27 02:00:00+00:00
[2025-02-27T22:27:35.197+0000] {processor.py:208} INFO - Processing /opt/airflow/dags/hello_world.py took 0.054 seconds
[2025-02-27T22:28:05.520+0000] {processor.py:186} INFO - Started process (PID=597) to work on /opt/airflow/dags/hello_world.py
[2025-02-27T22:28:05.520+0000] {processor.py:914} INFO - Processing file /opt/airflow/dags/hello_world.py for tasks to queue
[2025-02-27T22:28:05.523+0000] {logging_mixin.py:190} INFO - [2025-02-27T22:28:05.523+0000] {dagbag.py:587} INFO - Filling up the DagBag from /opt/airflow/dags/hello_world.py
[2025-02-27T22:28:05.534+0000] {processor.py:925} INFO - DAG(s) 'HelloWorld' retrieved from /opt/airflow/dags/hello_world.py
[2025-02-27T22:28:05.552+0000] {logging_mixin.py:190} INFO - [2025-02-27T22:28:05.552+0000] {dag.py:3229} INFO - Sync 1 DAGs
[2025-02-27T22:28:05.564+0000] {logging_mixin.py:190} INFO - [2025-02-27T22:28:05.564+0000] {dag.py:4156} INFO - Setting next_dagrun for HelloWorld to 2025-02-26 02:00:00+00:00, run_after=2025-02-27 02:00:00+00:00
[2025-02-27T22:28:05.572+0000] {processor.py:208} INFO - Processing /opt/airflow/dags/hello_world.py took 0.058 seconds
[2025-02-27T22:28:35.846+0000] {processor.py:186} INFO - Started process (PID=608) to work on /opt/airflow/dags/hello_world.py
[2025-02-27T22:28:35.847+0000] {processor.py:914} INFO - Processing file /opt/airflow/dags/hello_world.py for tasks to queue
[2025-02-27T22:28:35.848+0000] {logging_mixin.py:190} INFO - [2025-02-27T22:28:35.848+0000] {dagbag.py:587} INFO - Filling up the DagBag from /opt/airflow/dags/hello_world.py
[2025-02-27T22:28:35.855+0000] {processor.py:925} INFO - DAG(s) 'HelloWorld' retrieved from /opt/airflow/dags/hello_world.py
[2025-02-27T22:28:35.870+0000] {logging_mixin.py:190} INFO - [2025-02-27T22:28:35.870+0000] {dag.py:3229} INFO - Sync 1 DAGs
[2025-02-27T22:28:35.881+0000] {logging_mixin.py:190} INFO - [2025-02-27T22:28:35.881+0000] {dag.py:4156} INFO - Setting next_dagrun for HelloWorld to 2025-02-26 02:00:00+00:00, run_after=2025-02-27 02:00:00+00:00
[2025-02-27T22:28:35.888+0000] {processor.py:208} INFO - Processing /opt/airflow/dags/hello_world.py took 0.047 seconds
[2025-02-27T22:29:06.210+0000] {processor.py:186} INFO - Started process (PID=619) to work on /opt/airflow/dags/hello_world.py
[2025-02-27T22:29:06.210+0000] {processor.py:914} INFO - Processing file /opt/airflow/dags/hello_world.py for tasks to queue
[2025-02-27T22:29:06.212+0000] {logging_mixin.py:190} INFO - [2025-02-27T22:29:06.211+0000] {dagbag.py:587} INFO - Filling up the DagBag from /opt/airflow/dags/hello_world.py
[2025-02-27T22:29:06.217+0000] {processor.py:925} INFO - DAG(s) 'HelloWorld' retrieved from /opt/airflow/dags/hello_world.py
[2025-02-27T22:29:06.230+0000] {logging_mixin.py:190} INFO - [2025-02-27T22:29:06.230+0000] {dag.py:3229} INFO - Sync 1 DAGs
[2025-02-27T22:29:06.239+0000] {logging_mixin.py:190} INFO - [2025-02-27T22:29:06.239+0000] {dag.py:4156} INFO - Setting next_dagrun for HelloWorld to 2025-02-26 02:00:00+00:00, run_after=2025-02-27 02:00:00+00:00
[2025-02-27T22:29:06.246+0000] {processor.py:208} INFO - Processing /opt/airflow/dags/hello_world.py took 0.039 seconds
[2025-02-27T22:29:36.558+0000] {processor.py:186} INFO - Started process (PID=630) to work on /opt/airflow/dags/hello_world.py
[2025-02-27T22:29:36.559+0000] {processor.py:914} INFO - Processing file /opt/airflow/dags/hello_world.py for tasks to queue
[2025-02-27T22:29:36.561+0000] {logging_mixin.py:190} INFO - [2025-02-27T22:29:36.561+0000] {dagbag.py:587} INFO - Filling up the DagBag from /opt/airflow/dags/hello_world.py
[2025-02-27T22:29:36.568+0000] {processor.py:925} INFO - DAG(s) 'HelloWorld' retrieved from /opt/airflow/dags/hello_world.py
[2025-02-27T22:29:36.585+0000] {logging_mixin.py:190} INFO - [2025-02-27T22:29:36.584+0000] {dag.py:3229} INFO - Sync 1 DAGs
[2025-02-27T22:29:36.596+0000] {logging_mixin.py:190} INFO - [2025-02-27T22:29:36.596+0000] {dag.py:4156} INFO - Setting next_dagrun for HelloWorld to 2025-02-26 02:00:00+00:00, run_after=2025-02-27 02:00:00+00:00
[2025-02-27T22:29:36.603+0000] {processor.py:208} INFO - Processing /opt/airflow/dags/hello_world.py took 0.050 seconds
[2025-02-27T22:30:06.954+0000] {processor.py:186} INFO - Started process (PID=641) to work on /opt/airflow/dags/hello_world.py
[2025-02-27T22:30:06.955+0000] {processor.py:914} INFO - Processing file /opt/airflow/dags/hello_world.py for tasks to queue
[2025-02-27T22:30:06.956+0000] {logging_mixin.py:190} INFO - [2025-02-27T22:30:06.956+0000] {dagbag.py:587} INFO - Filling up the DagBag from /opt/airflow/dags/hello_world.py
[2025-02-27T22:30:06.964+0000] {processor.py:925} INFO - DAG(s) 'HelloWorld' retrieved from /opt/airflow/dags/hello_world.py
[2025-02-27T22:30:06.979+0000] {logging_mixin.py:190} INFO - [2025-02-27T22:30:06.979+0000] {dag.py:3229} INFO - Sync 1 DAGs
[2025-02-27T22:30:06.989+0000] {logging_mixin.py:190} INFO - [2025-02-27T22:30:06.989+0000] {dag.py:4156} INFO - Setting next_dagrun for HelloWorld to 2025-02-26 02:00:00+00:00, run_after=2025-02-27 02:00:00+00:00
[2025-02-27T22:30:06.995+0000] {processor.py:208} INFO - Processing /opt/airflow/dags/hello_world.py took 0.046 seconds
[2025-02-27T22:30:37.297+0000] {processor.py:186} INFO - Started process (PID=652) to work on /opt/airflow/dags/hello_world.py
[2025-02-27T22:30:37.298+0000] {processor.py:914} INFO - Processing file /opt/airflow/dags/hello_world.py for tasks to queue
[2025-02-27T22:30:37.299+0000] {logging_mixin.py:190} INFO - [2025-02-27T22:30:37.299+0000] {dagbag.py:587} INFO - Filling up the DagBag from /opt/airflow/dags/hello_world.py
[2025-02-27T22:30:37.308+0000] {processor.py:925} INFO - DAG(s) 'HelloWorld' retrieved from /opt/airflow/dags/hello_world.py
[2025-02-27T22:30:37.325+0000] {logging_mixin.py:190} INFO - [2025-02-27T22:30:37.325+0000] {dag.py:3229} INFO - Sync 1 DAGs
[2025-02-27T22:30:37.336+0000] {logging_mixin.py:190} INFO - [2025-02-27T22:30:37.336+0000] {dag.py:4156} INFO - Setting next_dagrun for HelloWorld to 2025-02-26 02:00:00+00:00, run_after=2025-02-27 02:00:00+00:00
[2025-02-27T22:30:37.343+0000] {processor.py:208} INFO - Processing /opt/airflow/dags/hello_world.py took 0.052 seconds
[2025-02-27T22:31:07.690+0000] {processor.py:186} INFO - Started process (PID=669) to work on /opt/airflow/dags/hello_world.py
[2025-02-27T22:31:07.690+0000] {processor.py:914} INFO - Processing file /opt/airflow/dags/hello_world.py for tasks to queue
[2025-02-27T22:31:07.692+0000] {logging_mixin.py:190} INFO - [2025-02-27T22:31:07.692+0000] {dagbag.py:587} INFO - Filling up the DagBag from /opt/airflow/dags/hello_world.py
[2025-02-27T22:31:07.699+0000] {processor.py:925} INFO - DAG(s) 'HelloWorld' retrieved from /opt/airflow/dags/hello_world.py
[2025-02-27T22:31:07.716+0000] {logging_mixin.py:190} INFO - [2025-02-27T22:31:07.716+0000] {dag.py:3229} INFO - Sync 1 DAGs
[2025-02-27T22:31:07.727+0000] {logging_mixin.py:190} INFO - [2025-02-27T22:31:07.727+0000] {dag.py:4156} INFO - Setting next_dagrun for HelloWorld to 2025-02-26 02:00:00+00:00, run_after=2025-02-27 02:00:00+00:00
[2025-02-27T22:31:07.734+0000] {processor.py:208} INFO - Processing /opt/airflow/dags/hello_world.py took 0.050 seconds
[2025-02-27T22:31:38.042+0000] {processor.py:186} INFO - Started process (PID=680) to work on /opt/airflow/dags/hello_world.py
[2025-02-27T22:31:38.043+0000] {processor.py:914} INFO - Processing file /opt/airflow/dags/hello_world.py for tasks to queue
[2025-02-27T22:31:38.044+0000] {logging_mixin.py:190} INFO - [2025-02-27T22:31:38.044+0000] {dagbag.py:587} INFO - Filling up the DagBag from /opt/airflow/dags/hello_world.py
[2025-02-27T22:31:38.052+0000] {processor.py:925} INFO - DAG(s) 'HelloWorld' retrieved from /opt/airflow/dags/hello_world.py
[2025-02-27T22:31:38.067+0000] {logging_mixin.py:190} INFO - [2025-02-27T22:31:38.067+0000] {dag.py:3229} INFO - Sync 1 DAGs
[2025-02-27T22:31:38.077+0000] {logging_mixin.py:190} INFO - [2025-02-27T22:31:38.077+0000] {dag.py:4156} INFO - Setting next_dagrun for HelloWorld to 2025-02-26 02:00:00+00:00, run_after=2025-02-27 02:00:00+00:00
[2025-02-27T22:31:38.084+0000] {processor.py:208} INFO - Processing /opt/airflow/dags/hello_world.py took 0.047 seconds
[2025-02-27T22:32:08.411+0000] {processor.py:186} INFO - Started process (PID=691) to work on /opt/airflow/dags/hello_world.py
[2025-02-27T22:32:08.412+0000] {processor.py:914} INFO - Processing file /opt/airflow/dags/hello_world.py for tasks to queue
[2025-02-27T22:32:08.414+0000] {logging_mixin.py:190} INFO - [2025-02-27T22:32:08.414+0000] {dagbag.py:587} INFO - Filling up the DagBag from /opt/airflow/dags/hello_world.py
[2025-02-27T22:32:08.421+0000] {processor.py:925} INFO - DAG(s) 'HelloWorld' retrieved from /opt/airflow/dags/hello_world.py
[2025-02-27T22:32:08.436+0000] {logging_mixin.py:190} INFO - [2025-02-27T22:32:08.436+0000] {dag.py:3229} INFO - Sync 1 DAGs
[2025-02-27T22:32:08.446+0000] {logging_mixin.py:190} INFO - [2025-02-27T22:32:08.446+0000] {dag.py:4156} INFO - Setting next_dagrun for HelloWorld to 2025-02-26 02:00:00+00:00, run_after=2025-02-27 02:00:00+00:00
[2025-02-27T22:32:08.453+0000] {processor.py:208} INFO - Processing /opt/airflow/dags/hello_world.py took 0.046 seconds
[2025-02-27T22:32:38.754+0000] {processor.py:186} INFO - Started process (PID=702) to work on /opt/airflow/dags/hello_world.py
[2025-02-27T22:32:38.755+0000] {processor.py:914} INFO - Processing file /opt/airflow/dags/hello_world.py for tasks to queue
[2025-02-27T22:32:38.757+0000] {logging_mixin.py:190} INFO - [2025-02-27T22:32:38.756+0000] {dagbag.py:587} INFO - Filling up the DagBag from /opt/airflow/dags/hello_world.py
[2025-02-27T22:32:38.763+0000] {processor.py:925} INFO - DAG(s) 'HelloWorld' retrieved from /opt/airflow/dags/hello_world.py
[2025-02-27T22:32:38.779+0000] {logging_mixin.py:190} INFO - [2025-02-27T22:32:38.779+0000] {dag.py:3229} INFO - Sync 1 DAGs
[2025-02-27T22:32:38.791+0000] {logging_mixin.py:190} INFO - [2025-02-27T22:32:38.791+0000] {dag.py:4156} INFO - Setting next_dagrun for HelloWorld to 2025-02-26 02:00:00+00:00, run_after=2025-02-27 02:00:00+00:00
[2025-02-27T22:32:38.799+0000] {processor.py:208} INFO - Processing /opt/airflow/dags/hello_world.py took 0.049 seconds
[2025-02-27T22:33:09.095+0000] {processor.py:186} INFO - Started process (PID=713) to work on /opt/airflow/dags/hello_world.py
[2025-02-27T22:33:09.096+0000] {processor.py:914} INFO - Processing file /opt/airflow/dags/hello_world.py for tasks to queue
[2025-02-27T22:33:09.098+0000] {logging_mixin.py:190} INFO - [2025-02-27T22:33:09.098+0000] {dagbag.py:587} INFO - Filling up the DagBag from /opt/airflow/dags/hello_world.py
[2025-02-27T22:33:09.105+0000] {processor.py:925} INFO - DAG(s) 'HelloWorld' retrieved from /opt/airflow/dags/hello_world.py
[2025-02-27T22:33:09.122+0000] {logging_mixin.py:190} INFO - [2025-02-27T22:33:09.122+0000] {dag.py:3229} INFO - Sync 1 DAGs
[2025-02-27T22:33:09.135+0000] {logging_mixin.py:190} INFO - [2025-02-27T22:33:09.134+0000] {dag.py:4156} INFO - Setting next_dagrun for HelloWorld to 2025-02-26 02:00:00+00:00, run_after=2025-02-27 02:00:00+00:00
[2025-02-27T22:33:09.141+0000] {processor.py:208} INFO - Processing /opt/airflow/dags/hello_world.py took 0.051 seconds
[2025-02-27T22:33:39.396+0000] {processor.py:186} INFO - Started process (PID=724) to work on /opt/airflow/dags/hello_world.py
[2025-02-27T22:33:39.397+0000] {processor.py:914} INFO - Processing file /opt/airflow/dags/hello_world.py for tasks to queue
[2025-02-27T22:33:39.398+0000] {logging_mixin.py:190} INFO - [2025-02-27T22:33:39.398+0000] {dagbag.py:587} INFO - Filling up the DagBag from /opt/airflow/dags/hello_world.py
[2025-02-27T22:33:39.402+0000] {processor.py:925} INFO - DAG(s) 'HelloWorld' retrieved from /opt/airflow/dags/hello_world.py
[2025-02-27T22:33:39.412+0000] {logging_mixin.py:190} INFO - [2025-02-27T22:33:39.412+0000] {dag.py:3229} INFO - Sync 1 DAGs
[2025-02-27T22:33:39.421+0000] {logging_mixin.py:190} INFO - [2025-02-27T22:33:39.421+0000] {dag.py:4156} INFO - Setting next_dagrun for HelloWorld to 2025-02-26 02:00:00+00:00, run_after=2025-02-27 02:00:00+00:00
[2025-02-27T22:33:39.427+0000] {processor.py:208} INFO - Processing /opt/airflow/dags/hello_world.py took 0.032 seconds
[2025-02-27T22:34:09.741+0000] {processor.py:186} INFO - Started process (PID=735) to work on /opt/airflow/dags/hello_world.py
[2025-02-27T22:34:09.741+0000] {processor.py:914} INFO - Processing file /opt/airflow/dags/hello_world.py for tasks to queue
[2025-02-27T22:34:09.743+0000] {logging_mixin.py:190} INFO - [2025-02-27T22:34:09.743+0000] {dagbag.py:587} INFO - Filling up the DagBag from /opt/airflow/dags/hello_world.py
[2025-02-27T22:34:09.751+0000] {processor.py:925} INFO - DAG(s) 'HelloWorld' retrieved from /opt/airflow/dags/hello_world.py
[2025-02-27T22:34:09.767+0000] {logging_mixin.py:190} INFO - [2025-02-27T22:34:09.767+0000] {dag.py:3229} INFO - Sync 1 DAGs
[2025-02-27T22:34:09.778+0000] {logging_mixin.py:190} INFO - [2025-02-27T22:34:09.778+0000] {dag.py:4156} INFO - Setting next_dagrun for HelloWorld to 2025-02-26 02:00:00+00:00, run_after=2025-02-27 02:00:00+00:00
[2025-02-27T22:34:09.784+0000] {processor.py:208} INFO - Processing /opt/airflow/dags/hello_world.py took 0.049 seconds
[2025-02-27T22:34:40.090+0000] {processor.py:186} INFO - Started process (PID=746) to work on /opt/airflow/dags/hello_world.py
[2025-02-27T22:34:40.091+0000] {processor.py:914} INFO - Processing file /opt/airflow/dags/hello_world.py for tasks to queue
[2025-02-27T22:34:40.093+0000] {logging_mixin.py:190} INFO - [2025-02-27T22:34:40.093+0000] {dagbag.py:587} INFO - Filling up the DagBag from /opt/airflow/dags/hello_world.py
[2025-02-27T22:34:40.104+0000] {processor.py:925} INFO - DAG(s) 'HelloWorld' retrieved from /opt/airflow/dags/hello_world.py
[2025-02-27T22:34:40.123+0000] {logging_mixin.py:190} INFO - [2025-02-27T22:34:40.123+0000] {dag.py:3229} INFO - Sync 1 DAGs
[2025-02-27T22:34:40.134+0000] {logging_mixin.py:190} INFO - [2025-02-27T22:34:40.134+0000] {dag.py:4156} INFO - Setting next_dagrun for HelloWorld to 2025-02-26 02:00:00+00:00, run_after=2025-02-27 02:00:00+00:00
[2025-02-27T22:34:40.141+0000] {processor.py:208} INFO - Processing /opt/airflow/dags/hello_world.py took 0.059 seconds
[2025-02-27T22:35:10.368+0000] {processor.py:186} INFO - Started process (PID=757) to work on /opt/airflow/dags/hello_world.py
[2025-02-27T22:35:10.368+0000] {processor.py:914} INFO - Processing file /opt/airflow/dags/hello_world.py for tasks to queue
[2025-02-27T22:35:10.370+0000] {logging_mixin.py:190} INFO - [2025-02-27T22:35:10.370+0000] {dagbag.py:587} INFO - Filling up the DagBag from /opt/airflow/dags/hello_world.py
[2025-02-27T22:35:10.378+0000] {processor.py:925} INFO - DAG(s) 'HelloWorld' retrieved from /opt/airflow/dags/hello_world.py
[2025-02-27T22:35:10.394+0000] {logging_mixin.py:190} INFO - [2025-02-27T22:35:10.394+0000] {dag.py:3229} INFO - Sync 1 DAGs
[2025-02-27T22:35:10.404+0000] {logging_mixin.py:190} INFO - [2025-02-27T22:35:10.404+0000] {dag.py:4156} INFO - Setting next_dagrun for HelloWorld to 2025-02-26 02:00:00+00:00, run_after=2025-02-27 02:00:00+00:00
[2025-02-27T22:35:10.411+0000] {processor.py:208} INFO - Processing /opt/airflow/dags/hello_world.py took 0.048 seconds
[2025-02-27T22:35:40.719+0000] {processor.py:186} INFO - Started process (PID=768) to work on /opt/airflow/dags/hello_world.py
[2025-02-27T22:35:40.719+0000] {processor.py:914} INFO - Processing file /opt/airflow/dags/hello_world.py for tasks to queue
[2025-02-27T22:35:40.721+0000] {logging_mixin.py:190} INFO - [2025-02-27T22:35:40.720+0000] {dagbag.py:587} INFO - Filling up the DagBag from /opt/airflow/dags/hello_world.py
[2025-02-27T22:35:40.728+0000] {processor.py:925} INFO - DAG(s) 'HelloWorld' retrieved from /opt/airflow/dags/hello_world.py
[2025-02-27T22:35:40.744+0000] {logging_mixin.py:190} INFO - [2025-02-27T22:35:40.743+0000] {dag.py:3229} INFO - Sync 1 DAGs
[2025-02-27T22:35:40.754+0000] {logging_mixin.py:190} INFO - [2025-02-27T22:35:40.754+0000] {dag.py:4156} INFO - Setting next_dagrun for HelloWorld to 2025-02-26 02:00:00+00:00, run_after=2025-02-27 02:00:00+00:00
[2025-02-27T22:35:40.761+0000] {processor.py:208} INFO - Processing /opt/airflow/dags/hello_world.py took 0.047 seconds
[2025-02-27T22:36:11.060+0000] {processor.py:186} INFO - Started process (PID=779) to work on /opt/airflow/dags/hello_world.py
[2025-02-27T22:36:11.060+0000] {processor.py:914} INFO - Processing file /opt/airflow/dags/hello_world.py for tasks to queue
[2025-02-27T22:36:11.062+0000] {logging_mixin.py:190} INFO - [2025-02-27T22:36:11.061+0000] {dagbag.py:587} INFO - Filling up the DagBag from /opt/airflow/dags/hello_world.py
[2025-02-27T22:36:11.068+0000] {processor.py:925} INFO - DAG(s) 'HelloWorld' retrieved from /opt/airflow/dags/hello_world.py
[2025-02-27T22:36:11.081+0000] {logging_mixin.py:190} INFO - [2025-02-27T22:36:11.081+0000] {dag.py:3229} INFO - Sync 1 DAGs
[2025-02-27T22:36:11.092+0000] {logging_mixin.py:190} INFO - [2025-02-27T22:36:11.092+0000] {dag.py:4156} INFO - Setting next_dagrun for HelloWorld to 2025-02-26 02:00:00+00:00, run_after=2025-02-27 02:00:00+00:00
[2025-02-27T22:36:11.099+0000] {processor.py:208} INFO - Processing /opt/airflow/dags/hello_world.py took 0.044 seconds
[2025-02-27T22:36:41.405+0000] {processor.py:186} INFO - Started process (PID=790) to work on /opt/airflow/dags/hello_world.py
[2025-02-27T22:36:41.406+0000] {processor.py:914} INFO - Processing file /opt/airflow/dags/hello_world.py for tasks to queue
[2025-02-27T22:36:41.408+0000] {logging_mixin.py:190} INFO - [2025-02-27T22:36:41.408+0000] {dagbag.py:587} INFO - Filling up the DagBag from /opt/airflow/dags/hello_world.py
[2025-02-27T22:36:41.416+0000] {processor.py:925} INFO - DAG(s) 'HelloWorld' retrieved from /opt/airflow/dags/hello_world.py
[2025-02-27T22:36:41.432+0000] {logging_mixin.py:190} INFO - [2025-02-27T22:36:41.432+0000] {dag.py:3229} INFO - Sync 1 DAGs
[2025-02-27T22:36:41.442+0000] {logging_mixin.py:190} INFO - [2025-02-27T22:36:41.442+0000] {dag.py:4156} INFO - Setting next_dagrun for HelloWorld to 2025-02-26 02:00:00+00:00, run_after=2025-02-27 02:00:00+00:00
[2025-02-27T22:36:41.449+0000] {processor.py:208} INFO - Processing /opt/airflow/dags/hello_world.py took 0.050 seconds
[2025-02-27T22:37:11.823+0000] {processor.py:186} INFO - Started process (PID=801) to work on /opt/airflow/dags/hello_world.py
[2025-02-27T22:37:11.824+0000] {processor.py:914} INFO - Processing file /opt/airflow/dags/hello_world.py for tasks to queue
[2025-02-27T22:37:11.825+0000] {logging_mixin.py:190} INFO - [2025-02-27T22:37:11.825+0000] {dagbag.py:587} INFO - Filling up the DagBag from /opt/airflow/dags/hello_world.py
[2025-02-27T22:37:11.834+0000] {processor.py:925} INFO - DAG(s) 'HelloWorld' retrieved from /opt/airflow/dags/hello_world.py
[2025-02-27T22:37:11.850+0000] {logging_mixin.py:190} INFO - [2025-02-27T22:37:11.850+0000] {dag.py:3229} INFO - Sync 1 DAGs
[2025-02-27T22:37:11.861+0000] {logging_mixin.py:190} INFO - [2025-02-27T22:37:11.861+0000] {dag.py:4156} INFO - Setting next_dagrun for HelloWorld to 2025-02-26 02:00:00+00:00, run_after=2025-02-27 02:00:00+00:00
[2025-02-27T22:37:11.868+0000] {processor.py:208} INFO - Processing /opt/airflow/dags/hello_world.py took 0.051 seconds
[2025-02-27T23:41:29.586+0000] {processor.py:186} INFO - Started process (PID=806) to work on /opt/airflow/dags/hello_world.py
[2025-02-27T23:41:29.586+0000] {processor.py:914} INFO - Processing file /opt/airflow/dags/hello_world.py for tasks to queue
[2025-02-27T23:41:29.588+0000] {logging_mixin.py:190} INFO - [2025-02-27T23:41:29.588+0000] {dagbag.py:587} INFO - Filling up the DagBag from /opt/airflow/dags/hello_world.py
[2025-02-27T23:41:29.594+0000] {processor.py:925} INFO - DAG(s) 'HelloWorld' retrieved from /opt/airflow/dags/hello_world.py
[2025-02-27T23:41:29.606+0000] {logging_mixin.py:190} INFO - [2025-02-27T23:41:29.606+0000] {dag.py:3229} INFO - Sync 1 DAGs
[2025-02-27T23:41:29.616+0000] {logging_mixin.py:190} INFO - [2025-02-27T23:41:29.616+0000] {dag.py:4156} INFO - Setting next_dagrun for HelloWorld to 2025-02-26 02:00:00+00:00, run_after=2025-02-27 02:00:00+00:00
[2025-02-27T23:41:29.623+0000] {processor.py:208} INFO - Processing /opt/airflow/dags/hello_world.py took 0.040 seconds
