[2025-02-28T00:26:56.508+0000] {processor.py:186} INFO - Started process (PID=817) to work on /opt/airflow/dags/hello_world.py
[2025-02-28T00:26:56.509+0000] {processor.py:914} INFO - Processing file /opt/airflow/dags/hello_world.py for tasks to queue
[2025-02-28T00:26:56.510+0000] {logging_mixin.py:190} INFO - [2025-02-28T00:26:56.510+0000] {dagbag.py:587} INFO - Filling up the DagBag from /opt/airflow/dags/hello_world.py
[2025-02-28T00:26:56.517+0000] {processor.py:925} INFO - DAG(s) 'HelloWorld' retrieved from /opt/airflow/dags/hello_world.py
[2025-02-28T00:26:56.530+0000] {logging_mixin.py:190} INFO - [2025-02-28T00:26:56.530+0000] {dag.py:3229} INFO - Sync 1 DAGs
[2025-02-28T00:26:56.539+0000] {logging_mixin.py:190} INFO - [2025-02-28T00:26:56.539+0000] {dag.py:4156} INFO - Setting next_dagrun for HelloWorld to 2025-02-26 02:00:00+00:00, run_after=2025-02-27 02:00:00+00:00
[2025-02-28T00:26:56.545+0000] {processor.py:208} INFO - Processing /opt/airflow/dags/hello_world.py took 0.041 seconds
[2025-02-28T00:38:08.367+0000] {processor.py:186} INFO - Started process (PID=828) to work on /opt/airflow/dags/hello_world.py
[2025-02-28T00:38:08.368+0000] {processor.py:914} INFO - Processing file /opt/airflow/dags/hello_world.py for tasks to queue
[2025-02-28T00:38:08.369+0000] {logging_mixin.py:190} INFO - [2025-02-28T00:38:08.369+0000] {dagbag.py:587} INFO - Filling up the DagBag from /opt/airflow/dags/hello_world.py
[2025-02-28T00:38:08.376+0000] {processor.py:925} INFO - DAG(s) 'HelloWorld' retrieved from /opt/airflow/dags/hello_world.py
[2025-02-28T00:38:08.390+0000] {logging_mixin.py:190} INFO - [2025-02-28T00:38:08.389+0000] {dag.py:3229} INFO - Sync 1 DAGs
[2025-02-28T00:38:08.399+0000] {logging_mixin.py:190} INFO - [2025-02-28T00:38:08.399+0000] {dag.py:4156} INFO - Setting next_dagrun for HelloWorld to 2025-02-26 02:00:00+00:00, run_after=2025-02-27 02:00:00+00:00
[2025-02-28T00:38:08.405+0000] {processor.py:208} INFO - Processing /opt/airflow/dags/hello_world.py took 0.042 seconds
[2025-02-28T01:39:07.861+0000] {processor.py:186} INFO - Started process (PID=839) to work on /opt/airflow/dags/hello_world.py
[2025-02-28T01:39:07.862+0000] {processor.py:914} INFO - Processing file /opt/airflow/dags/hello_world.py for tasks to queue
[2025-02-28T01:39:07.865+0000] {logging_mixin.py:190} INFO - [2025-02-28T01:39:07.864+0000] {dagbag.py:587} INFO - Filling up the DagBag from /opt/airflow/dags/hello_world.py
[2025-02-28T01:39:07.875+0000] {processor.py:925} INFO - DAG(s) 'HelloWorld' retrieved from /opt/airflow/dags/hello_world.py
[2025-02-28T01:39:07.893+0000] {logging_mixin.py:190} INFO - [2025-02-28T01:39:07.893+0000] {dag.py:3229} INFO - Sync 1 DAGs
[2025-02-28T01:39:07.904+0000] {logging_mixin.py:190} INFO - [2025-02-28T01:39:07.904+0000] {dag.py:4156} INFO - Setting next_dagrun for HelloWorld to 2025-02-26 02:00:00+00:00, run_after=2025-02-27 02:00:00+00:00
[2025-02-28T01:39:07.912+0000] {processor.py:208} INFO - Processing /opt/airflow/dags/hello_world.py took 0.057 seconds
[2025-02-28T02:40:02.324+0000] {processor.py:186} INFO - Started process (PID=850) to work on /opt/airflow/dags/hello_world.py
[2025-02-28T02:40:02.325+0000] {processor.py:914} INFO - Processing file /opt/airflow/dags/hello_world.py for tasks to queue
[2025-02-28T02:40:02.326+0000] {logging_mixin.py:190} INFO - [2025-02-28T02:40:02.326+0000] {dagbag.py:587} INFO - Filling up the DagBag from /opt/airflow/dags/hello_world.py
[2025-02-28T02:40:02.331+0000] {processor.py:925} INFO - DAG(s) 'HelloWorld' retrieved from /opt/airflow/dags/hello_world.py
[2025-02-28T02:40:02.343+0000] {logging_mixin.py:190} INFO - [2025-02-28T02:40:02.343+0000] {dag.py:3229} INFO - Sync 1 DAGs
[2025-02-28T02:40:02.354+0000] {logging_mixin.py:190} INFO - [2025-02-28T02:40:02.354+0000] {dag.py:4156} INFO - Setting next_dagrun for HelloWorld to 2025-02-27 02:00:00+00:00, run_after=2025-02-28 02:00:00+00:00
[2025-02-28T02:40:02.361+0000] {processor.py:208} INFO - Processing /opt/airflow/dags/hello_world.py took 0.040 seconds
[2025-02-28T02:58:24.603+0000] {processor.py:186} INFO - Started process (PID=861) to work on /opt/airflow/dags/hello_world.py
[2025-02-28T02:58:24.604+0000] {processor.py:914} INFO - Processing file /opt/airflow/dags/hello_world.py for tasks to queue
[2025-02-28T02:58:24.605+0000] {logging_mixin.py:190} INFO - [2025-02-28T02:58:24.605+0000] {dagbag.py:587} INFO - Filling up the DagBag from /opt/airflow/dags/hello_world.py
[2025-02-28T02:58:24.610+0000] {processor.py:925} INFO - DAG(s) 'HelloWorld' retrieved from /opt/airflow/dags/hello_world.py
[2025-02-28T02:58:24.621+0000] {logging_mixin.py:190} INFO - [2025-02-28T02:58:24.620+0000] {dag.py:3229} INFO - Sync 1 DAGs
[2025-02-28T02:58:24.629+0000] {logging_mixin.py:190} INFO - [2025-02-28T02:58:24.629+0000] {dag.py:4156} INFO - Setting next_dagrun for HelloWorld to 2025-02-27 02:00:00+00:00, run_after=2025-02-28 02:00:00+00:00
[2025-02-28T02:58:24.635+0000] {processor.py:208} INFO - Processing /opt/airflow/dags/hello_world.py took 0.036 seconds
[2025-02-28T03:41:18.200+0000] {processor.py:186} INFO - Started process (PID=872) to work on /opt/airflow/dags/hello_world.py
[2025-02-28T03:41:18.200+0000] {processor.py:914} INFO - Processing file /opt/airflow/dags/hello_world.py for tasks to queue
[2025-02-28T03:41:18.202+0000] {logging_mixin.py:190} INFO - [2025-02-28T03:41:18.202+0000] {dagbag.py:587} INFO - Filling up the DagBag from /opt/airflow/dags/hello_world.py
[2025-02-28T03:41:18.209+0000] {processor.py:925} INFO - DAG(s) 'HelloWorld' retrieved from /opt/airflow/dags/hello_world.py
[2025-02-28T03:41:18.221+0000] {logging_mixin.py:190} INFO - [2025-02-28T03:41:18.221+0000] {dag.py:3229} INFO - Sync 1 DAGs
[2025-02-28T03:41:18.230+0000] {logging_mixin.py:190} INFO - [2025-02-28T03:41:18.230+0000] {dag.py:4156} INFO - Setting next_dagrun for HelloWorld to 2025-02-27 02:00:00+00:00, run_after=2025-02-28 02:00:00+00:00
[2025-02-28T03:41:18.236+0000] {processor.py:208} INFO - Processing /opt/airflow/dags/hello_world.py took 0.040 seconds
[2025-02-28T04:31:18.913+0000] {processor.py:186} INFO - Started process (PID=883) to work on /opt/airflow/dags/hello_world.py
[2025-02-28T04:31:18.914+0000] {processor.py:914} INFO - Processing file /opt/airflow/dags/hello_world.py for tasks to queue
[2025-02-28T04:31:18.915+0000] {logging_mixin.py:190} INFO - [2025-02-28T04:31:18.915+0000] {dagbag.py:587} INFO - Filling up the DagBag from /opt/airflow/dags/hello_world.py
[2025-02-28T04:31:18.922+0000] {processor.py:925} INFO - DAG(s) 'HelloWorld' retrieved from /opt/airflow/dags/hello_world.py
[2025-02-28T04:31:18.936+0000] {logging_mixin.py:190} INFO - [2025-02-28T04:31:18.936+0000] {dag.py:3229} INFO - Sync 1 DAGs
[2025-02-28T04:31:18.946+0000] {logging_mixin.py:190} INFO - [2025-02-28T04:31:18.945+0000] {dag.py:4156} INFO - Setting next_dagrun for HelloWorld to 2025-02-27 02:00:00+00:00, run_after=2025-02-28 02:00:00+00:00
[2025-02-28T04:31:18.952+0000] {processor.py:208} INFO - Processing /opt/airflow/dags/hello_world.py took 0.043 seconds
[2025-02-28T04:58:18.524+0000] {processor.py:186} INFO - Started process (PID=894) to work on /opt/airflow/dags/hello_world.py
[2025-02-28T04:58:18.525+0000] {processor.py:914} INFO - Processing file /opt/airflow/dags/hello_world.py for tasks to queue
[2025-02-28T04:58:18.527+0000] {logging_mixin.py:190} INFO - [2025-02-28T04:58:18.527+0000] {dagbag.py:587} INFO - Filling up the DagBag from /opt/airflow/dags/hello_world.py
[2025-02-28T04:58:18.536+0000] {processor.py:925} INFO - DAG(s) 'HelloWorld' retrieved from /opt/airflow/dags/hello_world.py
[2025-02-28T04:58:18.549+0000] {logging_mixin.py:190} INFO - [2025-02-28T04:58:18.549+0000] {dag.py:3229} INFO - Sync 1 DAGs
[2025-02-28T04:58:18.559+0000] {logging_mixin.py:190} INFO - [2025-02-28T04:58:18.559+0000] {dag.py:4156} INFO - Setting next_dagrun for HelloWorld to 2025-02-27 02:00:00+00:00, run_after=2025-02-28 02:00:00+00:00
[2025-02-28T04:58:18.565+0000] {processor.py:208} INFO - Processing /opt/airflow/dags/hello_world.py took 0.046 seconds
[2025-02-28T04:58:51.766+0000] {processor.py:186} INFO - Started process (PID=905) to work on /opt/airflow/dags/hello_world.py
[2025-02-28T04:58:51.767+0000] {processor.py:914} INFO - Processing file /opt/airflow/dags/hello_world.py for tasks to queue
[2025-02-28T04:58:51.769+0000] {logging_mixin.py:190} INFO - [2025-02-28T04:58:51.768+0000] {dagbag.py:587} INFO - Filling up the DagBag from /opt/airflow/dags/hello_world.py
[2025-02-28T04:58:51.777+0000] {processor.py:925} INFO - DAG(s) 'HelloWorld' retrieved from /opt/airflow/dags/hello_world.py
[2025-02-28T04:58:51.792+0000] {logging_mixin.py:190} INFO - [2025-02-28T04:58:51.792+0000] {dag.py:3229} INFO - Sync 1 DAGs
[2025-02-28T04:58:51.803+0000] {logging_mixin.py:190} INFO - [2025-02-28T04:58:51.803+0000] {dag.py:4156} INFO - Setting next_dagrun for HelloWorld to 2025-02-27 02:00:00+00:00, run_after=2025-02-28 02:00:00+00:00
[2025-02-28T04:58:51.809+0000] {processor.py:208} INFO - Processing /opt/airflow/dags/hello_world.py took 0.048 seconds
[2025-02-28T04:59:38.814+0000] {processor.py:186} INFO - Started process (PID=916) to work on /opt/airflow/dags/hello_world.py
[2025-02-28T04:59:38.815+0000] {processor.py:914} INFO - Processing file /opt/airflow/dags/hello_world.py for tasks to queue
[2025-02-28T04:59:38.816+0000] {logging_mixin.py:190} INFO - [2025-02-28T04:59:38.816+0000] {dagbag.py:587} INFO - Filling up the DagBag from /opt/airflow/dags/hello_world.py
[2025-02-28T04:59:38.824+0000] {processor.py:925} INFO - DAG(s) 'HelloWorld' retrieved from /opt/airflow/dags/hello_world.py
[2025-02-28T04:59:38.838+0000] {logging_mixin.py:190} INFO - [2025-02-28T04:59:38.838+0000] {dag.py:3229} INFO - Sync 1 DAGs
[2025-02-28T04:59:38.848+0000] {logging_mixin.py:190} INFO - [2025-02-28T04:59:38.848+0000] {dag.py:4156} INFO - Setting next_dagrun for HelloWorld to 2025-02-27 02:00:00+00:00, run_after=2025-02-28 02:00:00+00:00
[2025-02-28T04:59:38.855+0000] {processor.py:208} INFO - Processing /opt/airflow/dags/hello_world.py took 0.045 seconds
[2025-02-28T05:00:09.202+0000] {processor.py:186} INFO - Started process (PID=927) to work on /opt/airflow/dags/hello_world.py
[2025-02-28T05:00:09.203+0000] {processor.py:914} INFO - Processing file /opt/airflow/dags/hello_world.py for tasks to queue
[2025-02-28T05:00:09.204+0000] {logging_mixin.py:190} INFO - [2025-02-28T05:00:09.204+0000] {dagbag.py:587} INFO - Filling up the DagBag from /opt/airflow/dags/hello_world.py
[2025-02-28T05:00:09.212+0000] {processor.py:925} INFO - DAG(s) 'HelloWorld' retrieved from /opt/airflow/dags/hello_world.py
[2025-02-28T05:00:09.227+0000] {logging_mixin.py:190} INFO - [2025-02-28T05:00:09.227+0000] {dag.py:3229} INFO - Sync 1 DAGs
[2025-02-28T05:00:09.237+0000] {logging_mixin.py:190} INFO - [2025-02-28T05:00:09.237+0000] {dag.py:4156} INFO - Setting next_dagrun for HelloWorld to 2025-02-27 02:00:00+00:00, run_after=2025-02-28 02:00:00+00:00
[2025-02-28T05:00:09.243+0000] {processor.py:208} INFO - Processing /opt/airflow/dags/hello_world.py took 0.046 seconds
[2025-02-28T05:00:50.613+0000] {processor.py:186} INFO - Started process (PID=938) to work on /opt/airflow/dags/hello_world.py
[2025-02-28T05:00:50.613+0000] {processor.py:914} INFO - Processing file /opt/airflow/dags/hello_world.py for tasks to queue
[2025-02-28T05:00:50.615+0000] {logging_mixin.py:190} INFO - [2025-02-28T05:00:50.615+0000] {dagbag.py:587} INFO - Filling up the DagBag from /opt/airflow/dags/hello_world.py
[2025-02-28T05:00:50.622+0000] {processor.py:925} INFO - DAG(s) 'HelloWorld' retrieved from /opt/airflow/dags/hello_world.py
[2025-02-28T05:00:50.637+0000] {logging_mixin.py:190} INFO - [2025-02-28T05:00:50.637+0000] {dag.py:3229} INFO - Sync 1 DAGs
[2025-02-28T05:00:50.647+0000] {logging_mixin.py:190} INFO - [2025-02-28T05:00:50.647+0000] {dag.py:4156} INFO - Setting next_dagrun for HelloWorld to 2025-02-27 02:00:00+00:00, run_after=2025-02-28 02:00:00+00:00
[2025-02-28T05:00:50.653+0000] {processor.py:208} INFO - Processing /opt/airflow/dags/hello_world.py took 0.046 seconds
[2025-02-28T05:19:12.756+0000] {processor.py:186} INFO - Started process (PID=949) to work on /opt/airflow/dags/hello_world.py
[2025-02-28T05:19:12.756+0000] {processor.py:914} INFO - Processing file /opt/airflow/dags/hello_world.py for tasks to queue
[2025-02-28T05:19:12.757+0000] {logging_mixin.py:190} INFO - [2025-02-28T05:19:12.757+0000] {dagbag.py:587} INFO - Filling up the DagBag from /opt/airflow/dags/hello_world.py
[2025-02-28T05:19:12.761+0000] {processor.py:925} INFO - DAG(s) 'HelloWorld' retrieved from /opt/airflow/dags/hello_world.py
[2025-02-28T05:19:12.771+0000] {logging_mixin.py:190} INFO - [2025-02-28T05:19:12.771+0000] {dag.py:3229} INFO - Sync 1 DAGs
[2025-02-28T05:19:12.779+0000] {logging_mixin.py:190} INFO - [2025-02-28T05:19:12.779+0000] {dag.py:4156} INFO - Setting next_dagrun for HelloWorld to 2025-02-27 02:00:00+00:00, run_after=2025-02-28 02:00:00+00:00
[2025-02-28T05:19:12.785+0000] {processor.py:208} INFO - Processing /opt/airflow/dags/hello_world.py took 0.032 seconds
[2025-02-28T06:01:11.288+0000] {processor.py:186} INFO - Started process (PID=960) to work on /opt/airflow/dags/hello_world.py
[2025-02-28T06:01:11.289+0000] {processor.py:914} INFO - Processing file /opt/airflow/dags/hello_world.py for tasks to queue
[2025-02-28T06:01:11.291+0000] {logging_mixin.py:190} INFO - [2025-02-28T06:01:11.291+0000] {dagbag.py:587} INFO - Filling up the DagBag from /opt/airflow/dags/hello_world.py
[2025-02-28T06:01:11.300+0000] {processor.py:925} INFO - DAG(s) 'HelloWorld' retrieved from /opt/airflow/dags/hello_world.py
[2025-02-28T06:01:11.315+0000] {logging_mixin.py:190} INFO - [2025-02-28T06:01:11.314+0000] {dag.py:3229} INFO - Sync 1 DAGs
[2025-02-28T06:01:11.327+0000] {logging_mixin.py:190} INFO - [2025-02-28T06:01:11.326+0000] {dag.py:4156} INFO - Setting next_dagrun for HelloWorld to 2025-02-27 02:00:00+00:00, run_after=2025-02-28 02:00:00+00:00
[2025-02-28T06:01:11.333+0000] {processor.py:208} INFO - Processing /opt/airflow/dags/hello_world.py took 0.049 seconds
[2025-02-28T06:36:28.367+0000] {processor.py:186} INFO - Started process (PID=971) to work on /opt/airflow/dags/hello_world.py
[2025-02-28T06:36:28.368+0000] {processor.py:914} INFO - Processing file /opt/airflow/dags/hello_world.py for tasks to queue
[2025-02-28T06:36:28.369+0000] {logging_mixin.py:190} INFO - [2025-02-28T06:36:28.369+0000] {dagbag.py:587} INFO - Filling up the DagBag from /opt/airflow/dags/hello_world.py
[2025-02-28T06:36:28.376+0000] {processor.py:925} INFO - DAG(s) 'HelloWorld' retrieved from /opt/airflow/dags/hello_world.py
[2025-02-28T06:36:28.391+0000] {logging_mixin.py:190} INFO - [2025-02-28T06:36:28.391+0000] {dag.py:3229} INFO - Sync 1 DAGs
[2025-02-28T06:36:28.400+0000] {logging_mixin.py:190} INFO - [2025-02-28T06:36:28.400+0000] {dag.py:4156} INFO - Setting next_dagrun for HelloWorld to 2025-02-27 02:00:00+00:00, run_after=2025-02-28 02:00:00+00:00
[2025-02-28T06:36:28.406+0000] {processor.py:208} INFO - Processing /opt/airflow/dags/hello_world.py took 0.044 seconds
[2025-02-28T06:45:34.078+0000] {processor.py:186} INFO - Started process (PID=982) to work on /opt/airflow/dags/hello_world.py
[2025-02-28T06:45:34.078+0000] {processor.py:914} INFO - Processing file /opt/airflow/dags/hello_world.py for tasks to queue
[2025-02-28T06:45:34.080+0000] {logging_mixin.py:190} INFO - [2025-02-28T06:45:34.080+0000] {dagbag.py:587} INFO - Filling up the DagBag from /opt/airflow/dags/hello_world.py
[2025-02-28T06:45:34.087+0000] {processor.py:925} INFO - DAG(s) 'HelloWorld' retrieved from /opt/airflow/dags/hello_world.py
[2025-02-28T06:45:34.101+0000] {logging_mixin.py:190} INFO - [2025-02-28T06:45:34.101+0000] {dag.py:3229} INFO - Sync 1 DAGs
[2025-02-28T06:45:34.110+0000] {logging_mixin.py:190} INFO - [2025-02-28T06:45:34.110+0000] {dag.py:4156} INFO - Setting next_dagrun for HelloWorld to 2025-02-27 02:00:00+00:00, run_after=2025-02-28 02:00:00+00:00
[2025-02-28T06:45:34.117+0000] {processor.py:208} INFO - Processing /opt/airflow/dags/hello_world.py took 0.043 seconds
[2025-02-28T06:55:52.231+0000] {processor.py:186} INFO - Started process (PID=993) to work on /opt/airflow/dags/hello_world.py
[2025-02-28T06:55:52.231+0000] {processor.py:914} INFO - Processing file /opt/airflow/dags/hello_world.py for tasks to queue
[2025-02-28T06:55:52.233+0000] {logging_mixin.py:190} INFO - [2025-02-28T06:55:52.233+0000] {dagbag.py:587} INFO - Filling up the DagBag from /opt/airflow/dags/hello_world.py
[2025-02-28T06:55:52.243+0000] {processor.py:925} INFO - DAG(s) 'HelloWorld' retrieved from /opt/airflow/dags/hello_world.py
[2025-02-28T06:55:52.257+0000] {logging_mixin.py:190} INFO - [2025-02-28T06:55:52.257+0000] {dag.py:3229} INFO - Sync 1 DAGs
[2025-02-28T06:55:52.267+0000] {logging_mixin.py:190} INFO - [2025-02-28T06:55:52.267+0000] {dag.py:4156} INFO - Setting next_dagrun for HelloWorld to 2025-02-27 02:00:00+00:00, run_after=2025-02-28 02:00:00+00:00
[2025-02-28T06:55:52.273+0000] {processor.py:208} INFO - Processing /opt/airflow/dags/hello_world.py took 0.048 seconds
[2025-02-28T07:45:13.480+0000] {processor.py:186} INFO - Started process (PID=1003) to work on /opt/airflow/dags/hello_world.py
[2025-02-28T07:45:13.480+0000] {processor.py:914} INFO - Processing file /opt/airflow/dags/hello_world.py for tasks to queue
[2025-02-28T07:45:13.481+0000] {logging_mixin.py:190} INFO - [2025-02-28T07:45:13.481+0000] {dagbag.py:587} INFO - Filling up the DagBag from /opt/airflow/dags/hello_world.py
[2025-02-28T07:45:13.487+0000] {processor.py:925} INFO - DAG(s) 'HelloWorld' retrieved from /opt/airflow/dags/hello_world.py
[2025-02-28T07:45:13.497+0000] {logging_mixin.py:190} INFO - [2025-02-28T07:45:13.497+0000] {dag.py:3229} INFO - Sync 1 DAGs
[2025-02-28T07:45:13.507+0000] {logging_mixin.py:190} INFO - [2025-02-28T07:45:13.507+0000] {dag.py:4156} INFO - Setting next_dagrun for HelloWorld to 2025-02-27 02:00:00+00:00, run_after=2025-02-28 02:00:00+00:00
[2025-02-28T07:45:13.513+0000] {processor.py:208} INFO - Processing /opt/airflow/dags/hello_world.py took 0.036 seconds
[2025-02-28T08:43:16.963+0000] {processor.py:186} INFO - Started process (PID=1014) to work on /opt/airflow/dags/hello_world.py
[2025-02-28T08:43:16.964+0000] {processor.py:914} INFO - Processing file /opt/airflow/dags/hello_world.py for tasks to queue
[2025-02-28T08:43:16.965+0000] {logging_mixin.py:190} INFO - [2025-02-28T08:43:16.965+0000] {dagbag.py:587} INFO - Filling up the DagBag from /opt/airflow/dags/hello_world.py
[2025-02-28T08:43:16.972+0000] {processor.py:925} INFO - DAG(s) 'HelloWorld' retrieved from /opt/airflow/dags/hello_world.py
[2025-02-28T08:43:16.987+0000] {logging_mixin.py:190} INFO - [2025-02-28T08:43:16.987+0000] {dag.py:3229} INFO - Sync 1 DAGs
[2025-02-28T08:43:16.996+0000] {logging_mixin.py:190} INFO - [2025-02-28T08:43:16.996+0000] {dag.py:4156} INFO - Setting next_dagrun for HelloWorld to 2025-02-27 02:00:00+00:00, run_after=2025-02-28 02:00:00+00:00
[2025-02-28T08:43:17.119+0000] {processor.py:208} INFO - Processing /opt/airflow/dags/hello_world.py took 0.160 seconds
[2025-02-28T08:46:23.946+0000] {processor.py:186} INFO - Started process (PID=1025) to work on /opt/airflow/dags/hello_world.py
[2025-02-28T08:46:23.947+0000] {processor.py:914} INFO - Processing file /opt/airflow/dags/hello_world.py for tasks to queue
[2025-02-28T08:46:23.949+0000] {logging_mixin.py:190} INFO - [2025-02-28T08:46:23.949+0000] {dagbag.py:587} INFO - Filling up the DagBag from /opt/airflow/dags/hello_world.py
[2025-02-28T08:46:23.957+0000] {processor.py:925} INFO - DAG(s) 'HelloWorld' retrieved from /opt/airflow/dags/hello_world.py
[2025-02-28T08:46:23.973+0000] {logging_mixin.py:190} INFO - [2025-02-28T08:46:23.973+0000] {dag.py:3229} INFO - Sync 1 DAGs
[2025-02-28T08:46:23.987+0000] {logging_mixin.py:190} INFO - [2025-02-28T08:46:23.986+0000] {dag.py:4156} INFO - Setting next_dagrun for HelloWorld to 2025-02-27 02:00:00+00:00, run_after=2025-02-28 02:00:00+00:00
[2025-02-28T08:46:23.993+0000] {processor.py:208} INFO - Processing /opt/airflow/dags/hello_world.py took 0.053 seconds
[2025-02-28T09:47:07.673+0000] {processor.py:186} INFO - Started process (PID=1036) to work on /opt/airflow/dags/hello_world.py
[2025-02-28T09:47:07.674+0000] {processor.py:914} INFO - Processing file /opt/airflow/dags/hello_world.py for tasks to queue
[2025-02-28T09:47:07.675+0000] {logging_mixin.py:190} INFO - [2025-02-28T09:47:07.675+0000] {dagbag.py:587} INFO - Filling up the DagBag from /opt/airflow/dags/hello_world.py
[2025-02-28T09:47:07.682+0000] {processor.py:925} INFO - DAG(s) 'HelloWorld' retrieved from /opt/airflow/dags/hello_world.py
[2025-02-28T09:47:07.694+0000] {logging_mixin.py:190} INFO - [2025-02-28T09:47:07.693+0000] {dag.py:3229} INFO - Sync 1 DAGs
[2025-02-28T09:47:07.703+0000] {logging_mixin.py:190} INFO - [2025-02-28T09:47:07.703+0000] {dag.py:4156} INFO - Setting next_dagrun for HelloWorld to 2025-02-27 02:00:00+00:00, run_after=2025-02-28 02:00:00+00:00
[2025-02-28T09:47:07.710+0000] {processor.py:208} INFO - Processing /opt/airflow/dags/hello_world.py took 0.041 seconds
[2025-02-28T11:24:19.605+0000] {processor.py:186} INFO - Started process (PID=1047) to work on /opt/airflow/dags/hello_world.py
[2025-02-28T11:24:19.606+0000] {processor.py:914} INFO - Processing file /opt/airflow/dags/hello_world.py for tasks to queue
[2025-02-28T11:24:19.610+0000] {logging_mixin.py:190} INFO - [2025-02-28T11:24:19.610+0000] {dagbag.py:587} INFO - Filling up the DagBag from /opt/airflow/dags/hello_world.py
[2025-02-28T11:24:19.620+0000] {processor.py:925} INFO - DAG(s) 'HelloWorld' retrieved from /opt/airflow/dags/hello_world.py
[2025-02-28T11:24:19.636+0000] {logging_mixin.py:190} INFO - [2025-02-28T11:24:19.636+0000] {dag.py:3229} INFO - Sync 1 DAGs
[2025-02-28T11:24:19.646+0000] {logging_mixin.py:190} INFO - [2025-02-28T11:24:19.646+0000] {dag.py:4156} INFO - Setting next_dagrun for HelloWorld to 2025-02-27 02:00:00+00:00, run_after=2025-02-28 02:00:00+00:00
[2025-02-28T11:24:19.652+0000] {processor.py:208} INFO - Processing /opt/airflow/dags/hello_world.py took 0.052 seconds
[2025-02-28T11:47:39.876+0000] {processor.py:186} INFO - Started process (PID=1058) to work on /opt/airflow/dags/hello_world.py
[2025-02-28T11:47:39.877+0000] {processor.py:914} INFO - Processing file /opt/airflow/dags/hello_world.py for tasks to queue
[2025-02-28T11:47:39.878+0000] {logging_mixin.py:190} INFO - [2025-02-28T11:47:39.878+0000] {dagbag.py:587} INFO - Filling up the DagBag from /opt/airflow/dags/hello_world.py
[2025-02-28T11:47:39.885+0000] {processor.py:925} INFO - DAG(s) 'HelloWorld' retrieved from /opt/airflow/dags/hello_world.py
[2025-02-28T11:47:39.898+0000] {logging_mixin.py:190} INFO - [2025-02-28T11:47:39.897+0000] {dag.py:3229} INFO - Sync 1 DAGs
[2025-02-28T11:47:39.907+0000] {logging_mixin.py:190} INFO - [2025-02-28T11:47:39.907+0000] {dag.py:4156} INFO - Setting next_dagrun for HelloWorld to 2025-02-27 02:00:00+00:00, run_after=2025-02-28 02:00:00+00:00
[2025-02-28T11:47:39.913+0000] {processor.py:208} INFO - Processing /opt/airflow/dags/hello_world.py took 0.041 seconds
[2025-02-28T12:36:09.305+0000] {processor.py:186} INFO - Started process (PID=1069) to work on /opt/airflow/dags/hello_world.py
[2025-02-28T12:36:09.306+0000] {processor.py:914} INFO - Processing file /opt/airflow/dags/hello_world.py for tasks to queue
[2025-02-28T12:36:09.310+0000] {logging_mixin.py:190} INFO - [2025-02-28T12:36:09.310+0000] {dagbag.py:587} INFO - Filling up the DagBag from /opt/airflow/dags/hello_world.py
[2025-02-28T12:36:09.315+0000] {processor.py:925} INFO - DAG(s) 'HelloWorld' retrieved from /opt/airflow/dags/hello_world.py
[2025-02-28T12:36:09.326+0000] {logging_mixin.py:190} INFO - [2025-02-28T12:36:09.325+0000] {dag.py:3229} INFO - Sync 1 DAGs
[2025-02-28T12:36:09.335+0000] {logging_mixin.py:190} INFO - [2025-02-28T12:36:09.335+0000] {dag.py:4156} INFO - Setting next_dagrun for HelloWorld to 2025-02-27 02:00:00+00:00, run_after=2025-02-28 02:00:00+00:00
[2025-02-28T12:36:09.341+0000] {processor.py:208} INFO - Processing /opt/airflow/dags/hello_world.py took 0.045 seconds
[2025-02-28T13:47:07.765+0000] {processor.py:186} INFO - Started process (PID=1080) to work on /opt/airflow/dags/hello_world.py
[2025-02-28T13:47:07.765+0000] {processor.py:914} INFO - Processing file /opt/airflow/dags/hello_world.py for tasks to queue
[2025-02-28T13:47:07.767+0000] {logging_mixin.py:190} INFO - [2025-02-28T13:47:07.767+0000] {dagbag.py:587} INFO - Filling up the DagBag from /opt/airflow/dags/hello_world.py
[2025-02-28T13:47:07.774+0000] {processor.py:925} INFO - DAG(s) 'HelloWorld' retrieved from /opt/airflow/dags/hello_world.py
[2025-02-28T13:47:07.788+0000] {logging_mixin.py:190} INFO - [2025-02-28T13:47:07.788+0000] {dag.py:3229} INFO - Sync 1 DAGs
[2025-02-28T13:47:07.798+0000] {logging_mixin.py:190} INFO - [2025-02-28T13:47:07.798+0000] {dag.py:4156} INFO - Setting next_dagrun for HelloWorld to 2025-02-27 02:00:00+00:00, run_after=2025-02-28 02:00:00+00:00
[2025-02-28T13:47:07.804+0000] {processor.py:208} INFO - Processing /opt/airflow/dags/hello_world.py took 0.044 seconds
[2025-02-28T14:17:50.694+0000] {processor.py:186} INFO - Started process (PID=1091) to work on /opt/airflow/dags/hello_world.py
[2025-02-28T14:17:50.695+0000] {processor.py:914} INFO - Processing file /opt/airflow/dags/hello_world.py for tasks to queue
[2025-02-28T14:17:50.696+0000] {logging_mixin.py:190} INFO - [2025-02-28T14:17:50.696+0000] {dagbag.py:587} INFO - Filling up the DagBag from /opt/airflow/dags/hello_world.py
[2025-02-28T14:17:50.701+0000] {processor.py:925} INFO - DAG(s) 'HelloWorld' retrieved from /opt/airflow/dags/hello_world.py
[2025-02-28T14:17:50.714+0000] {logging_mixin.py:190} INFO - [2025-02-28T14:17:50.713+0000] {dag.py:3229} INFO - Sync 1 DAGs
[2025-02-28T14:17:50.723+0000] {logging_mixin.py:190} INFO - [2025-02-28T14:17:50.723+0000] {dag.py:4156} INFO - Setting next_dagrun for HelloWorld to 2025-02-27 02:00:00+00:00, run_after=2025-02-28 02:00:00+00:00
[2025-02-28T14:17:50.729+0000] {processor.py:208} INFO - Processing /opt/airflow/dags/hello_world.py took 0.039 seconds
[2025-02-28T14:43:38.304+0000] {processor.py:186} INFO - Started process (PID=1102) to work on /opt/airflow/dags/hello_world.py
[2025-02-28T14:43:38.305+0000] {processor.py:914} INFO - Processing file /opt/airflow/dags/hello_world.py for tasks to queue
[2025-02-28T14:43:38.308+0000] {logging_mixin.py:190} INFO - [2025-02-28T14:43:38.308+0000] {dagbag.py:587} INFO - Filling up the DagBag from /opt/airflow/dags/hello_world.py
[2025-02-28T14:43:38.316+0000] {processor.py:925} INFO - DAG(s) 'HelloWorld' retrieved from /opt/airflow/dags/hello_world.py
[2025-02-28T14:43:38.352+0000] {logging_mixin.py:190} INFO - [2025-02-28T14:43:38.352+0000] {dag.py:3229} INFO - Sync 1 DAGs
[2025-02-28T14:43:38.375+0000] {logging_mixin.py:190} INFO - [2025-02-28T14:43:38.374+0000] {dag.py:4156} INFO - Setting next_dagrun for HelloWorld to 2025-02-27 02:00:00+00:00, run_after=2025-02-28 02:00:00+00:00
[2025-02-28T14:43:38.387+0000] {processor.py:208} INFO - Processing /opt/airflow/dags/hello_world.py took 0.092 seconds
[2025-02-28T15:33:42.620+0000] {processor.py:186} INFO - Started process (PID=1113) to work on /opt/airflow/dags/hello_world.py
[2025-02-28T15:33:42.621+0000] {processor.py:914} INFO - Processing file /opt/airflow/dags/hello_world.py for tasks to queue
[2025-02-28T15:33:42.622+0000] {logging_mixin.py:190} INFO - [2025-02-28T15:33:42.622+0000] {dagbag.py:587} INFO - Filling up the DagBag from /opt/airflow/dags/hello_world.py
[2025-02-28T15:33:42.630+0000] {processor.py:925} INFO - DAG(s) 'HelloWorld' retrieved from /opt/airflow/dags/hello_world.py
[2025-02-28T15:33:42.645+0000] {logging_mixin.py:190} INFO - [2025-02-28T15:33:42.645+0000] {dag.py:3229} INFO - Sync 1 DAGs
[2025-02-28T15:33:42.655+0000] {logging_mixin.py:190} INFO - [2025-02-28T15:33:42.655+0000] {dag.py:4156} INFO - Setting next_dagrun for HelloWorld to 2025-02-27 02:00:00+00:00, run_after=2025-02-28 02:00:00+00:00
[2025-02-28T15:33:42.661+0000] {processor.py:208} INFO - Processing /opt/airflow/dags/hello_world.py took 0.047 seconds
[2025-02-28T16:50:13.932+0000] {processor.py:186} INFO - Started process (PID=1124) to work on /opt/airflow/dags/hello_world.py
[2025-02-28T16:50:13.932+0000] {processor.py:914} INFO - Processing file /opt/airflow/dags/hello_world.py for tasks to queue
[2025-02-28T16:50:13.933+0000] {logging_mixin.py:190} INFO - [2025-02-28T16:50:13.933+0000] {dagbag.py:587} INFO - Filling up the DagBag from /opt/airflow/dags/hello_world.py
[2025-02-28T16:50:13.938+0000] {processor.py:925} INFO - DAG(s) 'HelloWorld' retrieved from /opt/airflow/dags/hello_world.py
[2025-02-28T16:50:13.948+0000] {logging_mixin.py:190} INFO - [2025-02-28T16:50:13.948+0000] {dag.py:3229} INFO - Sync 1 DAGs
[2025-02-28T16:50:13.957+0000] {logging_mixin.py:190} INFO - [2025-02-28T16:50:13.957+0000] {dag.py:4156} INFO - Setting next_dagrun for HelloWorld to 2025-02-27 02:00:00+00:00, run_after=2025-02-28 02:00:00+00:00
[2025-02-28T16:50:13.963+0000] {processor.py:208} INFO - Processing /opt/airflow/dags/hello_world.py took 0.034 seconds
[2025-02-28T17:10:04.880+0000] {processor.py:186} INFO - Started process (PID=1135) to work on /opt/airflow/dags/hello_world.py
[2025-02-28T17:10:04.881+0000] {processor.py:914} INFO - Processing file /opt/airflow/dags/hello_world.py for tasks to queue
[2025-02-28T17:10:04.883+0000] {logging_mixin.py:190} INFO - [2025-02-28T17:10:04.882+0000] {dagbag.py:587} INFO - Filling up the DagBag from /opt/airflow/dags/hello_world.py
[2025-02-28T17:10:04.889+0000] {processor.py:925} INFO - DAG(s) 'HelloWorld' retrieved from /opt/airflow/dags/hello_world.py
[2025-02-28T17:10:04.904+0000] {logging_mixin.py:190} INFO - [2025-02-28T17:10:04.904+0000] {dag.py:3229} INFO - Sync 1 DAGs
[2025-02-28T17:10:04.914+0000] {logging_mixin.py:190} INFO - [2025-02-28T17:10:04.914+0000] {dag.py:4156} INFO - Setting next_dagrun for HelloWorld to 2025-02-27 02:00:00+00:00, run_after=2025-02-28 02:00:00+00:00
[2025-02-28T17:10:04.920+0000] {processor.py:208} INFO - Processing /opt/airflow/dags/hello_world.py took 0.045 seconds
[2025-02-28T17:39:17.274+0000] {processor.py:186} INFO - Started process (PID=1145) to work on /opt/airflow/dags/hello_world.py
[2025-02-28T17:39:17.274+0000] {processor.py:914} INFO - Processing file /opt/airflow/dags/hello_world.py for tasks to queue
[2025-02-28T17:39:17.276+0000] {logging_mixin.py:190} INFO - [2025-02-28T17:39:17.276+0000] {dagbag.py:587} INFO - Filling up the DagBag from /opt/airflow/dags/hello_world.py
[2025-02-28T17:39:17.283+0000] {processor.py:925} INFO - DAG(s) 'HelloWorld' retrieved from /opt/airflow/dags/hello_world.py
[2025-02-28T17:39:17.296+0000] {logging_mixin.py:190} INFO - [2025-02-28T17:39:17.296+0000] {dag.py:3229} INFO - Sync 1 DAGs
[2025-02-28T17:39:17.306+0000] {logging_mixin.py:190} INFO - [2025-02-28T17:39:17.306+0000] {dag.py:4156} INFO - Setting next_dagrun for HelloWorld to 2025-02-27 02:00:00+00:00, run_after=2025-02-28 02:00:00+00:00
[2025-02-28T17:39:17.312+0000] {processor.py:208} INFO - Processing /opt/airflow/dags/hello_world.py took 0.043 seconds
[2025-02-28T18:51:08.379+0000] {processor.py:186} INFO - Started process (PID=1156) to work on /opt/airflow/dags/hello_world.py
[2025-02-28T18:51:08.379+0000] {processor.py:914} INFO - Processing file /opt/airflow/dags/hello_world.py for tasks to queue
[2025-02-28T18:51:08.380+0000] {logging_mixin.py:190} INFO - [2025-02-28T18:51:08.380+0000] {dagbag.py:587} INFO - Filling up the DagBag from /opt/airflow/dags/hello_world.py
[2025-02-28T18:51:08.387+0000] {processor.py:925} INFO - DAG(s) 'HelloWorld' retrieved from /opt/airflow/dags/hello_world.py
[2025-02-28T18:51:08.400+0000] {logging_mixin.py:190} INFO - [2025-02-28T18:51:08.399+0000] {dag.py:3229} INFO - Sync 1 DAGs
[2025-02-28T18:51:08.409+0000] {logging_mixin.py:190} INFO - [2025-02-28T18:51:08.409+0000] {dag.py:4156} INFO - Setting next_dagrun for HelloWorld to 2025-02-27 02:00:00+00:00, run_after=2025-02-28 02:00:00+00:00
[2025-02-28T18:51:08.415+0000] {processor.py:208} INFO - Processing /opt/airflow/dags/hello_world.py took 0.040 seconds
[2025-02-28T19:05:08.270+0000] {processor.py:186} INFO - Started process (PID=1167) to work on /opt/airflow/dags/hello_world.py
[2025-02-28T19:05:08.271+0000] {processor.py:914} INFO - Processing file /opt/airflow/dags/hello_world.py for tasks to queue
[2025-02-28T19:05:08.273+0000] {logging_mixin.py:190} INFO - [2025-02-28T19:05:08.273+0000] {dagbag.py:587} INFO - Filling up the DagBag from /opt/airflow/dags/hello_world.py
[2025-02-28T19:05:08.283+0000] {processor.py:925} INFO - DAG(s) 'HelloWorld' retrieved from /opt/airflow/dags/hello_world.py
[2025-02-28T19:05:08.300+0000] {logging_mixin.py:190} INFO - [2025-02-28T19:05:08.299+0000] {dag.py:3229} INFO - Sync 1 DAGs
[2025-02-28T19:05:08.310+0000] {logging_mixin.py:190} INFO - [2025-02-28T19:05:08.310+0000] {dag.py:4156} INFO - Setting next_dagrun for HelloWorld to 2025-02-27 02:00:00+00:00, run_after=2025-02-28 02:00:00+00:00
[2025-02-28T19:05:08.316+0000] {processor.py:208} INFO - Processing /opt/airflow/dags/hello_world.py took 0.052 seconds
[2025-02-28T19:08:24.081+0000] {processor.py:186} INFO - Started process (PID=1178) to work on /opt/airflow/dags/hello_world.py
[2025-02-28T19:08:24.082+0000] {processor.py:914} INFO - Processing file /opt/airflow/dags/hello_world.py for tasks to queue
[2025-02-28T19:08:24.084+0000] {logging_mixin.py:190} INFO - [2025-02-28T19:08:24.083+0000] {dagbag.py:587} INFO - Filling up the DagBag from /opt/airflow/dags/hello_world.py
[2025-02-28T19:08:24.090+0000] {processor.py:925} INFO - DAG(s) 'HelloWorld' retrieved from /opt/airflow/dags/hello_world.py
[2025-02-28T19:08:24.104+0000] {logging_mixin.py:190} INFO - [2025-02-28T19:08:24.103+0000] {dag.py:3229} INFO - Sync 1 DAGs
[2025-02-28T19:08:24.114+0000] {logging_mixin.py:190} INFO - [2025-02-28T19:08:24.114+0000] {dag.py:4156} INFO - Setting next_dagrun for HelloWorld to 2025-02-27 02:00:00+00:00, run_after=2025-02-28 02:00:00+00:00
[2025-02-28T19:08:24.121+0000] {processor.py:208} INFO - Processing /opt/airflow/dags/hello_world.py took 0.045 seconds
[2025-02-28T19:25:51.906+0000] {processor.py:186} INFO - Started process (PID=1189) to work on /opt/airflow/dags/hello_world.py
[2025-02-28T19:25:51.907+0000] {processor.py:914} INFO - Processing file /opt/airflow/dags/hello_world.py for tasks to queue
[2025-02-28T19:25:51.908+0000] {logging_mixin.py:190} INFO - [2025-02-28T19:25:51.908+0000] {dagbag.py:587} INFO - Filling up the DagBag from /opt/airflow/dags/hello_world.py
[2025-02-28T19:25:51.915+0000] {processor.py:925} INFO - DAG(s) 'HelloWorld' retrieved from /opt/airflow/dags/hello_world.py
[2025-02-28T19:25:51.928+0000] {logging_mixin.py:190} INFO - [2025-02-28T19:25:51.928+0000] {dag.py:3229} INFO - Sync 1 DAGs
[2025-02-28T19:25:51.937+0000] {logging_mixin.py:190} INFO - [2025-02-28T19:25:51.937+0000] {dag.py:4156} INFO - Setting next_dagrun for HelloWorld to 2025-02-27 02:00:00+00:00, run_after=2025-02-28 02:00:00+00:00
[2025-02-28T19:25:52.036+0000] {processor.py:208} INFO - Processing /opt/airflow/dags/hello_world.py took 0.134 seconds
[2025-02-28T20:21:56.353+0000] {processor.py:186} INFO - Started process (PID=1199) to work on /opt/airflow/dags/hello_world.py
[2025-02-28T20:21:56.354+0000] {processor.py:914} INFO - Processing file /opt/airflow/dags/hello_world.py for tasks to queue
[2025-02-28T20:21:56.355+0000] {logging_mixin.py:190} INFO - [2025-02-28T20:21:56.355+0000] {dagbag.py:587} INFO - Filling up the DagBag from /opt/airflow/dags/hello_world.py
[2025-02-28T20:21:56.363+0000] {processor.py:925} INFO - DAG(s) 'HelloWorld' retrieved from /opt/airflow/dags/hello_world.py
[2025-02-28T20:21:56.378+0000] {logging_mixin.py:190} INFO - [2025-02-28T20:21:56.378+0000] {dag.py:3229} INFO - Sync 1 DAGs
[2025-02-28T20:21:56.388+0000] {logging_mixin.py:190} INFO - [2025-02-28T20:21:56.388+0000] {dag.py:4156} INFO - Setting next_dagrun for HelloWorld to 2025-02-27 02:00:00+00:00, run_after=2025-02-28 02:00:00+00:00
[2025-02-28T20:21:56.394+0000] {processor.py:208} INFO - Processing /opt/airflow/dags/hello_world.py took 0.046 seconds
[2025-02-28T20:50:59.645+0000] {processor.py:186} INFO - Started process (PID=1210) to work on /opt/airflow/dags/hello_world.py
[2025-02-28T20:50:59.645+0000] {processor.py:914} INFO - Processing file /opt/airflow/dags/hello_world.py for tasks to queue
[2025-02-28T20:50:59.647+0000] {logging_mixin.py:190} INFO - [2025-02-28T20:50:59.646+0000] {dagbag.py:587} INFO - Filling up the DagBag from /opt/airflow/dags/hello_world.py
[2025-02-28T20:50:59.651+0000] {processor.py:925} INFO - DAG(s) 'HelloWorld' retrieved from /opt/airflow/dags/hello_world.py
[2025-02-28T20:50:59.662+0000] {logging_mixin.py:190} INFO - [2025-02-28T20:50:59.662+0000] {dag.py:3229} INFO - Sync 1 DAGs
[2025-02-28T20:50:59.671+0000] {logging_mixin.py:190} INFO - [2025-02-28T20:50:59.671+0000] {dag.py:4156} INFO - Setting next_dagrun for HelloWorld to 2025-02-27 02:00:00+00:00, run_after=2025-02-28 02:00:00+00:00
[2025-02-28T20:50:59.678+0000] {processor.py:208} INFO - Processing /opt/airflow/dags/hello_world.py took 0.035 seconds
[2025-02-28T21:24:07.356+0000] {processor.py:186} INFO - Started process (PID=1221) to work on /opt/airflow/dags/hello_world.py
[2025-02-28T21:24:07.357+0000] {processor.py:914} INFO - Processing file /opt/airflow/dags/hello_world.py for tasks to queue
[2025-02-28T21:24:07.358+0000] {logging_mixin.py:190} INFO - [2025-02-28T21:24:07.358+0000] {dagbag.py:587} INFO - Filling up the DagBag from /opt/airflow/dags/hello_world.py
[2025-02-28T21:24:07.366+0000] {processor.py:925} INFO - DAG(s) 'HelloWorld' retrieved from /opt/airflow/dags/hello_world.py
[2025-02-28T21:24:07.382+0000] {logging_mixin.py:190} INFO - [2025-02-28T21:24:07.382+0000] {dag.py:3229} INFO - Sync 1 DAGs
[2025-02-28T21:24:07.394+0000] {logging_mixin.py:190} INFO - [2025-02-28T21:24:07.394+0000] {dag.py:4156} INFO - Setting next_dagrun for HelloWorld to 2025-02-27 02:00:00+00:00, run_after=2025-02-28 02:00:00+00:00
[2025-02-28T21:24:07.402+0000] {processor.py:208} INFO - Processing /opt/airflow/dags/hello_world.py took 0.052 seconds
[2025-02-28T22:08:19.909+0000] {processor.py:186} INFO - Started process (PID=1232) to work on /opt/airflow/dags/hello_world.py
[2025-02-28T22:08:19.909+0000] {processor.py:914} INFO - Processing file /opt/airflow/dags/hello_world.py for tasks to queue
[2025-02-28T22:08:19.911+0000] {logging_mixin.py:190} INFO - [2025-02-28T22:08:19.911+0000] {dagbag.py:587} INFO - Filling up the DagBag from /opt/airflow/dags/hello_world.py
[2025-02-28T22:08:19.918+0000] {processor.py:925} INFO - DAG(s) 'HelloWorld' retrieved from /opt/airflow/dags/hello_world.py
[2025-02-28T22:08:19.931+0000] {logging_mixin.py:190} INFO - [2025-02-28T22:08:19.931+0000] {dag.py:3229} INFO - Sync 1 DAGs
[2025-02-28T22:08:19.940+0000] {logging_mixin.py:190} INFO - [2025-02-28T22:08:19.940+0000] {dag.py:4156} INFO - Setting next_dagrun for HelloWorld to 2025-02-27 02:00:00+00:00, run_after=2025-02-28 02:00:00+00:00
[2025-02-28T22:08:19.947+0000] {processor.py:208} INFO - Processing /opt/airflow/dags/hello_world.py took 0.043 seconds
[2025-02-28T22:37:19.816+0000] {processor.py:186} INFO - Started process (PID=1243) to work on /opt/airflow/dags/hello_world.py
[2025-02-28T22:37:19.817+0000] {processor.py:914} INFO - Processing file /opt/airflow/dags/hello_world.py for tasks to queue
[2025-02-28T22:37:19.819+0000] {logging_mixin.py:190} INFO - [2025-02-28T22:37:19.818+0000] {dagbag.py:587} INFO - Filling up the DagBag from /opt/airflow/dags/hello_world.py
[2025-02-28T22:37:19.827+0000] {processor.py:925} INFO - DAG(s) 'HelloWorld' retrieved from /opt/airflow/dags/hello_world.py
[2025-02-28T22:37:19.841+0000] {logging_mixin.py:190} INFO - [2025-02-28T22:37:19.841+0000] {dag.py:3229} INFO - Sync 1 DAGs
[2025-02-28T22:37:19.851+0000] {logging_mixin.py:190} INFO - [2025-02-28T22:37:19.851+0000] {dag.py:4156} INFO - Setting next_dagrun for HelloWorld to 2025-02-27 02:00:00+00:00, run_after=2025-02-28 02:00:00+00:00
[2025-02-28T22:37:19.858+0000] {processor.py:208} INFO - Processing /opt/airflow/dags/hello_world.py took 0.048 seconds
[2025-02-28T22:38:56.434+0000] {processor.py:186} INFO - Started process (PID=1254) to work on /opt/airflow/dags/hello_world.py
[2025-02-28T22:38:56.434+0000] {processor.py:914} INFO - Processing file /opt/airflow/dags/hello_world.py for tasks to queue
[2025-02-28T22:38:56.436+0000] {logging_mixin.py:190} INFO - [2025-02-28T22:38:56.436+0000] {dagbag.py:587} INFO - Filling up the DagBag from /opt/airflow/dags/hello_world.py
[2025-02-28T22:38:56.445+0000] {processor.py:925} INFO - DAG(s) 'HelloWorld' retrieved from /opt/airflow/dags/hello_world.py
[2025-02-28T22:38:56.461+0000] {logging_mixin.py:190} INFO - [2025-02-28T22:38:56.461+0000] {dag.py:3229} INFO - Sync 1 DAGs
[2025-02-28T22:38:56.470+0000] {logging_mixin.py:190} INFO - [2025-02-28T22:38:56.470+0000] {dag.py:4156} INFO - Setting next_dagrun for HelloWorld to 2025-02-27 02:00:00+00:00, run_after=2025-02-28 02:00:00+00:00
[2025-02-28T22:38:56.477+0000] {processor.py:208} INFO - Processing /opt/airflow/dags/hello_world.py took 0.047 seconds
[2025-02-28T23:24:55.830+0000] {processor.py:186} INFO - Started process (PID=1265) to work on /opt/airflow/dags/hello_world.py
[2025-02-28T23:24:55.831+0000] {processor.py:914} INFO - Processing file /opt/airflow/dags/hello_world.py for tasks to queue
[2025-02-28T23:24:55.832+0000] {logging_mixin.py:190} INFO - [2025-02-28T23:24:55.832+0000] {dagbag.py:587} INFO - Filling up the DagBag from /opt/airflow/dags/hello_world.py
[2025-02-28T23:24:55.839+0000] {processor.py:925} INFO - DAG(s) 'HelloWorld' retrieved from /opt/airflow/dags/hello_world.py
[2025-02-28T23:24:55.855+0000] {logging_mixin.py:190} INFO - [2025-02-28T23:24:55.855+0000] {dag.py:3229} INFO - Sync 1 DAGs
[2025-02-28T23:24:55.865+0000] {logging_mixin.py:190} INFO - [2025-02-28T23:24:55.865+0000] {dag.py:4156} INFO - Setting next_dagrun for HelloWorld to 2025-02-27 02:00:00+00:00, run_after=2025-02-28 02:00:00+00:00
[2025-02-28T23:24:55.872+0000] {processor.py:208} INFO - Processing /opt/airflow/dags/hello_world.py took 0.046 seconds
[2025-02-28T23:50:11.589+0000] {processor.py:186} INFO - Started process (PID=1276) to work on /opt/airflow/dags/hello_world.py
[2025-02-28T23:50:11.590+0000] {processor.py:914} INFO - Processing file /opt/airflow/dags/hello_world.py for tasks to queue
[2025-02-28T23:50:11.591+0000] {logging_mixin.py:190} INFO - [2025-02-28T23:50:11.591+0000] {dagbag.py:587} INFO - Filling up the DagBag from /opt/airflow/dags/hello_world.py
[2025-02-28T23:50:11.598+0000] {processor.py:925} INFO - DAG(s) 'HelloWorld' retrieved from /opt/airflow/dags/hello_world.py
[2025-02-28T23:50:11.611+0000] {logging_mixin.py:190} INFO - [2025-02-28T23:50:11.611+0000] {dag.py:3229} INFO - Sync 1 DAGs
[2025-02-28T23:50:11.621+0000] {logging_mixin.py:190} INFO - [2025-02-28T23:50:11.621+0000] {dag.py:4156} INFO - Setting next_dagrun for HelloWorld to 2025-02-27 02:00:00+00:00, run_after=2025-02-28 02:00:00+00:00
[2025-02-28T23:50:11.627+0000] {processor.py:208} INFO - Processing /opt/airflow/dags/hello_world.py took 0.043 seconds
